2024-06-12 04:38:13,087 CRIT Supervisor is running as root.  Privileges were not dropped because no user is specified in the config file.  If you intend to run as root, you can set user=root in the config file to avoid this message.
2024-06-12 04:38:13,095 INFO supervisord started with pid 1
2024-06-12 04:38:14,105 INFO spawned: 'artisan' with pid 7
2024-06-12 04:38:14,122 INFO spawned: 'npm' with pid 8
2024-06-12 04:38:15,129 INFO success: artisan entered RUNNING state, process has stayed up for > than 1 seconds (startsecs)
2024-06-12 04:38:15,130 INFO success: npm entered RUNNING state, process has stayed up for > than 1 seconds (startsecs)
2024-06-12 04:38:17,626 WARN exited: npm (exit status 127; not expected)
2024-06-12 04:38:18,632 INFO spawned: 'npm' with pid 23
2024-06-12 04:38:19,642 INFO success: npm entered RUNNING state, process has stayed up for > than 1 seconds (startsecs)
2024-06-12 04:38:20,897 WARN exited: npm (exit status 127; not expected)
2024-06-12 04:38:21,902 INFO spawned: 'npm' with pid 35
2024-06-12 04:38:23,856 INFO success: npm entered RUNNING state, process has stayed up for > than 1 seconds (startsecs)
2024-06-12 04:38:23,857 WARN exited: npm (exit status 127; not expected)
2024-06-12 04:38:24,861 INFO spawned: 'npm' with pid 47
2024-06-12 04:38:25,751 WARN exited: npm (exit status 127; not expected)
2024-06-12 04:38:26,755 INFO spawned: 'npm' with pid 59
2024-06-12 04:38:27,633 WARN exited: npm (exit status 127; not expected)
2024-06-12 04:38:29,639 INFO spawned: 'npm' with pid 71
2024-06-12 04:38:30,485 WARN exited: npm (exit status 127; not expected)
2024-06-12 04:38:33,492 INFO spawned: 'npm' with pid 83
2024-06-12 04:38:35,310 INFO success: npm entered RUNNING state, process has stayed up for > than 1 seconds (startsecs)
2024-06-12 04:38:35,310 WARN exited: npm (exit status 127; not expected)
2024-06-12 04:38:36,316 INFO spawned: 'npm' with pid 95
2024-06-12 04:38:38,133 INFO success: npm entered RUNNING state, process has stayed up for > than 1 seconds (startsecs)
2024-06-12 04:38:38,134 WARN exited: npm (exit status 127; not expected)
2024-06-12 04:38:39,141 INFO spawned: 'npm' with pid 107
2024-06-12 04:38:40,031 WARN exited: npm (exit status 127; not expected)
2024-06-12 04:38:41,036 INFO spawned: 'npm' with pid 119
2024-06-12 04:38:42,940 INFO success: npm entered RUNNING state, process has stayed up for > than 1 seconds (startsecs)
2024-06-12 04:38:42,941 WARN exited: npm (exit status 127; not expected)
2024-06-12 04:38:43,947 INFO spawned: 'npm' with pid 131
2024-06-12 04:38:45,817 INFO success: npm entered RUNNING state, process has stayed up for > than 1 seconds (startsecs)
2024-06-12 04:38:45,818 WARN exited: npm (exit status 127; not expected)
2024-06-12 04:38:46,822 INFO spawned: 'npm' with pid 143
2024-06-12 04:38:48,618 INFO success: npm entered RUNNING state, process has stayed up for > than 1 seconds (startsecs)
2024-06-12 04:38:48,618 WARN exited: npm (exit status 127; not expected)
2024-06-12 04:38:49,622 INFO spawned: 'npm' with pid 155
2024-06-12 04:38:51,392 INFO success: npm entered RUNNING state, process has stayed up for > than 1 seconds (startsecs)
2024-06-12 04:38:51,393 WARN exited: npm (exit status 127; not expected)
2024-06-12 04:38:52,398 INFO spawned: 'npm' with pid 167
2024-06-12 04:38:54,347 INFO success: npm entered RUNNING state, process has stayed up for > than 1 seconds (startsecs)
2024-06-12 04:38:54,347 WARN exited: npm (exit status 127; not expected)
2024-06-12 04:38:55,351 INFO spawned: 'npm' with pid 179
2024-06-12 04:38:57,188 INFO success: npm entered RUNNING state, process has stayed up for > than 1 seconds (startsecs)
2024-06-12 04:38:57,188 WARN exited: npm (exit status 127; not expected)
2024-06-12 04:38:58,193 INFO spawned: 'npm' with pid 191
2024-06-12 04:38:59,089 WARN exited: npm (exit status 127; not expected)
2024-06-12 04:39:00,093 INFO spawned: 'npm' with pid 203
2024-06-12 04:39:00,956 WARN exited: npm (exit status 127; not expected)
2024-06-12 04:39:02,962 INFO spawned: 'npm' with pid 215
2024-06-12 04:39:03,966 INFO success: npm entered RUNNING state, process has stayed up for > than 1 seconds (startsecs)
2024-06-12 04:39:04,387 WARN exited: npm (exit status 127; not expected)
2024-06-12 04:39:05,392 INFO spawned: 'npm' with pid 227
2024-06-12 04:39:06,304 WARN exited: npm (exit status 127; not expected)
2024-06-12 04:39:07,310 INFO spawned: 'npm' with pid 239
2024-06-12 04:39:09,225 INFO success: npm entered RUNNING state, process has stayed up for > than 1 seconds (startsecs)
2024-06-12 04:39:09,225 WARN exited: npm (exit status 127; not expected)
2024-06-12 04:39:10,229 INFO spawned: 'npm' with pid 251
2024-06-12 04:39:12,033 INFO success: npm entered RUNNING state, process has stayed up for > than 1 seconds (startsecs)
2024-06-12 04:39:12,034 WARN exited: npm (exit status 127; not expected)
2024-06-12 04:39:13,040 INFO spawned: 'npm' with pid 263
2024-06-12 04:39:14,896 INFO success: npm entered RUNNING state, process has stayed up for > than 1 seconds (startsecs)
2024-06-12 04:39:14,897 WARN exited: npm (exit status 127; not expected)
2024-06-12 04:39:15,903 INFO spawned: 'npm' with pid 275
2024-06-12 04:39:17,773 INFO success: npm entered RUNNING state, process has stayed up for > than 1 seconds (startsecs)
2024-06-12 04:39:17,774 WARN exited: npm (exit status 127; not expected)
2024-06-12 04:39:18,778 INFO spawned: 'npm' with pid 287
2024-06-12 04:39:20,676 INFO success: npm entered RUNNING state, process has stayed up for > than 1 seconds (startsecs)
2024-06-12 04:39:20,677 WARN exited: npm (exit status 127; not expected)
2024-06-12 04:39:21,681 INFO spawned: 'npm' with pid 299
2024-06-12 04:39:23,492 INFO success: npm entered RUNNING state, process has stayed up for > than 1 seconds (startsecs)
2024-06-12 04:39:23,493 WARN exited: npm (exit status 127; not expected)
2024-06-12 04:39:24,501 INFO spawned: 'npm' with pid 311
2024-06-12 04:39:26,397 INFO success: npm entered RUNNING state, process has stayed up for > than 1 seconds (startsecs)
2024-06-12 04:39:26,398 WARN exited: npm (exit status 127; not expected)
2024-06-12 04:39:27,402 INFO spawned: 'npm' with pid 323
2024-06-12 04:39:28,407 INFO success: npm entered RUNNING state, process has stayed up for > than 1 seconds (startsecs)
2024-06-12 04:39:28,424 WARN exited: npm (exit status 127; not expected)
2024-06-12 04:39:29,430 INFO spawned: 'npm' with pid 335
2024-06-12 04:39:30,334 WARN exited: npm (exit status 127; not expected)
2024-06-12 04:39:31,338 INFO spawned: 'npm' with pid 347
2024-06-12 04:39:33,146 INFO success: npm entered RUNNING state, process has stayed up for > than 1 seconds (startsecs)
2024-06-12 04:39:33,147 WARN exited: npm (exit status 127; not expected)
2024-06-12 04:39:34,152 INFO spawned: 'npm' with pid 359
2024-06-12 04:39:35,947 INFO success: npm entered RUNNING state, process has stayed up for > than 1 seconds (startsecs)
2024-06-12 04:39:35,948 WARN exited: npm (exit status 127; not expected)
2024-06-12 04:39:36,952 INFO spawned: 'npm' with pid 371
2024-06-12 04:39:38,759 INFO success: npm entered RUNNING state, process has stayed up for > than 1 seconds (startsecs)
2024-06-12 04:39:38,760 WARN exited: npm (exit status 127; not expected)
2024-06-12 04:39:39,764 INFO spawned: 'npm' with pid 383
2024-06-12 04:39:40,556 WARN exited: npm (exit status 127; not expected)
2024-06-12 04:39:41,560 INFO spawned: 'npm' with pid 395
2024-06-12 04:39:43,364 INFO success: npm entered RUNNING state, process has stayed up for > than 1 seconds (startsecs)
2024-06-12 04:39:43,364 WARN exited: npm (exit status 127; not expected)
2024-06-12 04:39:44,368 INFO spawned: 'npm' with pid 407
2024-06-12 04:39:46,227 INFO success: npm entered RUNNING state, process has stayed up for > than 1 seconds (startsecs)
2024-06-12 04:39:46,228 WARN exited: npm (exit status 127; not expected)
2024-06-12 04:39:47,232 INFO spawned: 'npm' with pid 419
2024-06-12 04:39:48,050 WARN exited: npm (exit status 127; not expected)
2024-06-12 04:39:49,053 INFO spawned: 'npm' with pid 431
2024-06-12 04:39:50,984 INFO success: npm entered RUNNING state, process has stayed up for > than 1 seconds (startsecs)
2024-06-12 04:39:50,985 WARN exited: npm (exit status 127; not expected)
2024-06-12 04:39:51,989 INFO spawned: 'npm' with pid 443
2024-06-12 04:39:53,902 INFO success: npm entered RUNNING state, process has stayed up for > than 1 seconds (startsecs)
2024-06-12 04:39:53,903 WARN exited: npm (exit status 127; not expected)
2024-06-12 04:39:54,907 INFO spawned: 'npm' with pid 455
2024-06-12 04:39:55,799 WARN exited: npm (exit status 127; not expected)
2024-06-12 04:39:56,805 INFO spawned: 'npm' with pid 467
2024-06-12 04:39:58,597 INFO success: npm entered RUNNING state, process has stayed up for > than 1 seconds (startsecs)
2024-06-12 04:39:58,598 WARN exited: npm (exit status 127; not expected)
2024-06-12 04:39:59,602 INFO spawned: 'npm' with pid 479
2024-06-12 04:40:00,416 WARN exited: npm (exit status 127; not expected)
2024-06-12 04:40:01,422 INFO spawned: 'npm' with pid 491
2024-06-12 04:40:02,426 INFO success: npm entered RUNNING state, process has stayed up for > than 1 seconds (startsecs)
2024-06-12 04:40:02,985 WARN exited: npm (exit status 127; not expected)
2024-06-12 04:40:03,989 INFO spawned: 'npm' with pid 503
2024-06-12 04:40:04,995 INFO success: npm entered RUNNING state, process has stayed up for > than 1 seconds (startsecs)
2024-06-12 04:40:05,098 WARN exited: npm (exit status 127; not expected)
2024-06-12 04:40:06,104 INFO spawned: 'npm' with pid 515
2024-06-12 04:40:07,105 INFO success: npm entered RUNNING state, process has stayed up for > than 1 seconds (startsecs)
2024-06-12 04:40:07,135 WARN exited: npm (exit status 127; not expected)
2024-06-12 04:40:08,141 INFO spawned: 'npm' with pid 527
2024-06-12 04:40:09,938 INFO success: npm entered RUNNING state, process has stayed up for > than 1 seconds (startsecs)
2024-06-12 04:40:09,939 WARN exited: npm (exit status 127; not expected)
2024-06-12 04:40:10,942 INFO spawned: 'npm' with pid 539
2024-06-12 04:40:11,946 INFO success: npm entered RUNNING state, process has stayed up for > than 1 seconds (startsecs)
2024-06-12 04:40:12,011 WARN exited: npm (exit status 127; not expected)
2024-06-12 04:40:12,018 INFO spawned: 'npm' with pid 551
2024-06-12 04:40:13,022 INFO success: npm entered RUNNING state, process has stayed up for > than 1 seconds (startsecs)
2024-06-12 04:40:13,479 WARN exited: npm (exit status 127; not expected)
2024-06-12 04:40:14,485 INFO spawned: 'npm' with pid 563
2024-06-12 04:40:16,356 INFO success: npm entered RUNNING state, process has stayed up for > than 1 seconds (startsecs)
2024-06-12 04:40:16,357 WARN exited: npm (exit status 127; not expected)
2024-06-12 04:40:17,361 INFO spawned: 'npm' with pid 575
2024-06-12 04:40:19,333 INFO success: npm entered RUNNING state, process has stayed up for > than 1 seconds (startsecs)
2024-06-12 04:40:19,334 WARN exited: npm (exit status 127; not expected)
2024-06-12 04:40:20,339 INFO spawned: 'npm' with pid 587
2024-06-12 04:40:22,311 INFO success: npm entered RUNNING state, process has stayed up for > than 1 seconds (startsecs)
2024-06-12 04:40:22,311 WARN exited: npm (exit status 127; not expected)
2024-06-12 04:40:23,316 INFO spawned: 'npm' with pid 599
2024-06-12 04:40:24,314 INFO success: npm entered RUNNING state, process has stayed up for > than 1 seconds (startsecs)
2024-06-12 04:40:25,342 WARN exited: npm (exit status 127; not expected)
2024-06-12 04:40:26,345 INFO spawned: 'npm' with pid 611
2024-06-12 04:40:28,242 INFO success: npm entered RUNNING state, process has stayed up for > than 1 seconds (startsecs)
2024-06-12 04:40:28,242 WARN exited: npm (exit status 127; not expected)
2024-06-12 04:40:29,246 INFO spawned: 'npm' with pid 623
2024-06-12 04:40:30,093 WARN exited: npm (exit status 127; not expected)
2024-06-12 04:40:31,100 INFO spawned: 'npm' with pid 635
2024-06-12 04:40:32,105 INFO success: npm entered RUNNING state, process has stayed up for > than 1 seconds (startsecs)
2024-06-12 04:40:34,312 WARN exited: npm (exit status 127; not expected)
2024-06-12 04:40:35,317 INFO spawned: 'npm' with pid 647
2024-06-12 04:40:37,153 INFO success: npm entered RUNNING state, process has stayed up for > than 1 seconds (startsecs)
2024-06-12 04:40:37,154 WARN exited: npm (exit status 127; not expected)
2024-06-12 04:40:38,160 INFO spawned: 'npm' with pid 659
2024-06-12 04:40:39,163 INFO success: npm entered RUNNING state, process has stayed up for > than 1 seconds (startsecs)
2024-06-12 04:40:39,366 WARN exited: npm (exit status 127; not expected)
2024-06-12 04:40:40,374 INFO spawned: 'npm' with pid 671
2024-06-12 04:40:41,381 INFO success: npm entered RUNNING state, process has stayed up for > than 1 seconds (startsecs)
2024-06-12 04:40:41,808 WARN exited: npm (exit status 127; not expected)
2024-06-12 04:40:42,815 INFO spawned: 'npm' with pid 683
2024-06-12 04:40:43,819 INFO success: npm entered RUNNING state, process has stayed up for > than 1 seconds (startsecs)
2024-06-12 04:40:43,961 WARN exited: npm (exit status 127; not expected)
2024-06-12 04:40:44,965 INFO spawned: 'npm' with pid 695
2024-06-12 04:40:45,971 INFO success: npm entered RUNNING state, process has stayed up for > than 1 seconds (startsecs)
2024-06-12 04:40:46,186 WARN exited: npm (exit status 127; not expected)
2024-06-12 04:40:47,191 INFO spawned: 'npm' with pid 707
2024-06-12 04:40:48,197 INFO success: npm entered RUNNING state, process has stayed up for > than 1 seconds (startsecs)
2024-06-12 04:40:49,302 WARN exited: npm (exit status 127; not expected)
2024-06-12 04:40:50,184 INFO spawned: 'npm' with pid 719
2024-06-12 04:40:51,228 INFO success: npm entered RUNNING state, process has stayed up for > than 1 seconds (startsecs)
2024-06-12 04:40:51,389 WARN exited: npm (exit status 127; not expected)
2024-06-12 04:40:51,396 INFO spawned: 'npm' with pid 731
2024-06-12 04:40:52,401 INFO success: npm entered RUNNING state, process has stayed up for > than 1 seconds (startsecs)
2024-06-12 04:40:53,029 WARN exited: npm (exit status 127; not expected)
2024-06-12 04:40:53,231 INFO spawned: 'npm' with pid 745
2024-06-12 04:40:54,552 INFO success: npm entered RUNNING state, process has stayed up for > than 1 seconds (startsecs)
2024-06-12 04:40:54,578 WARN exited: npm (exit status 127; not expected)
2024-06-12 04:40:55,585 INFO spawned: 'npm' with pid 757
2024-06-12 04:40:56,591 INFO success: npm entered RUNNING state, process has stayed up for > than 1 seconds (startsecs)
2024-06-12 04:40:57,182 WARN exited: npm (exit status 127; not expected)
2024-06-12 04:40:57,241 INFO spawned: 'npm' with pid 771
2024-06-12 04:40:58,438 INFO success: npm entered RUNNING state, process has stayed up for > than 1 seconds (startsecs)
2024-06-12 04:40:58,473 WARN exited: npm (exit status 127; not expected)
2024-06-12 04:40:59,479 INFO spawned: 'npm' with pid 783
2024-06-12 04:41:00,483 INFO success: npm entered RUNNING state, process has stayed up for > than 1 seconds (startsecs)
2024-06-12 04:41:00,798 WARN exited: npm (exit status 127; not expected)
2024-06-12 04:41:01,805 INFO spawned: 'npm' with pid 795
2024-06-12 04:41:02,811 INFO success: npm entered RUNNING state, process has stayed up for > than 1 seconds (startsecs)
2024-06-12 04:41:04,605 WARN exited: npm (exit status 127; not expected)
2024-06-12 04:41:05,611 INFO spawned: 'npm' with pid 807
2024-06-12 04:41:06,616 INFO success: npm entered RUNNING state, process has stayed up for > than 1 seconds (startsecs)
2024-06-12 04:41:07,267 WARN exited: npm (exit status 127; not expected)
2024-06-12 04:41:07,766 INFO spawned: 'npm' with pid 821
2024-06-12 04:41:08,772 INFO success: npm entered RUNNING state, process has stayed up for > than 1 seconds (startsecs)
2024-06-12 04:41:09,821 WARN exited: npm (exit status 127; not expected)
2024-06-12 04:41:10,825 INFO spawned: 'npm' with pid 833
2024-06-12 04:41:12,706 INFO success: npm entered RUNNING state, process has stayed up for > than 1 seconds (startsecs)
2024-06-12 04:41:12,706 WARN exited: npm (exit status 127; not expected)
2024-06-12 04:41:13,709 INFO spawned: 'npm' with pid 845
2024-06-12 04:41:14,588 WARN exited: npm (exit status 127; not expected)
2024-06-12 04:41:15,592 INFO spawned: 'npm' with pid 857
2024-06-12 04:41:16,430 WARN exited: npm (exit status 127; not expected)
2024-06-12 04:41:18,435 INFO spawned: 'npm' with pid 869
2024-06-12 04:41:20,290 INFO success: npm entered RUNNING state, process has stayed up for > than 1 seconds (startsecs)
2024-06-12 04:41:20,291 WARN exited: npm (exit status 127; not expected)
2024-06-12 04:41:21,295 INFO spawned: 'npm' with pid 881
2024-06-12 04:41:22,166 WARN exited: npm (exit status 127; not expected)
2024-06-12 04:41:23,170 INFO spawned: 'npm' with pid 893
2024-06-12 04:41:23,968 WARN exited: npm (exit status 127; not expected)
2024-06-12 04:41:25,973 INFO spawned: 'npm' with pid 905
2024-06-12 04:41:27,773 INFO success: npm entered RUNNING state, process has stayed up for > than 1 seconds (startsecs)
2024-06-12 04:41:27,774 WARN exited: npm (exit status 127; not expected)
2024-06-12 04:41:28,779 INFO spawned: 'npm' with pid 917
2024-06-12 04:41:30,559 INFO success: npm entered RUNNING state, process has stayed up for > than 1 seconds (startsecs)
2024-06-12 04:41:30,560 WARN exited: npm (exit status 127; not expected)
2024-06-12 04:41:31,564 INFO spawned: 'npm' with pid 929
2024-06-12 04:41:33,335 INFO success: npm entered RUNNING state, process has stayed up for > than 1 seconds (startsecs)
2024-06-12 04:41:33,335 WARN exited: npm (exit status 127; not expected)
2024-06-12 04:41:34,338 INFO spawned: 'npm' with pid 941
2024-06-12 04:41:36,095 INFO success: npm entered RUNNING state, process has stayed up for > than 1 seconds (startsecs)
2024-06-12 04:41:36,096 WARN exited: npm (exit status 127; not expected)
2024-06-12 04:41:37,099 INFO spawned: 'npm' with pid 953
2024-06-12 04:41:39,036 INFO success: npm entered RUNNING state, process has stayed up for > than 1 seconds (startsecs)
2024-06-12 04:41:39,037 WARN exited: npm (exit status 127; not expected)
2024-06-12 04:41:40,043 INFO spawned: 'npm' with pid 965
2024-06-12 04:41:41,951 INFO success: npm entered RUNNING state, process has stayed up for > than 1 seconds (startsecs)
2024-06-12 04:41:41,952 WARN exited: npm (exit status 127; not expected)
2024-06-12 04:41:42,956 INFO spawned: 'npm' with pid 977
2024-06-12 04:41:44,913 INFO success: npm entered RUNNING state, process has stayed up for > than 1 seconds (startsecs)
2024-06-12 04:41:44,914 WARN exited: npm (exit status 127; not expected)
2024-06-12 04:41:45,919 INFO spawned: 'npm' with pid 989
2024-06-12 04:41:47,799 INFO success: npm entered RUNNING state, process has stayed up for > than 1 seconds (startsecs)
2024-06-12 04:41:47,799 WARN exited: npm (exit status 127; not expected)
2024-06-12 04:41:48,802 INFO spawned: 'npm' with pid 1001
2024-06-12 04:41:50,748 INFO success: npm entered RUNNING state, process has stayed up for > than 1 seconds (startsecs)
2024-06-12 04:41:50,749 WARN exited: npm (exit status 127; not expected)
2024-06-12 04:41:51,753 INFO spawned: 'npm' with pid 1013
2024-06-12 04:41:53,678 INFO success: npm entered RUNNING state, process has stayed up for > than 1 seconds (startsecs)
2024-06-12 04:41:53,679 WARN exited: npm (exit status 127; not expected)
2024-06-12 04:41:54,684 INFO spawned: 'npm' with pid 1025
2024-06-12 04:41:55,591 WARN exited: npm (exit status 127; not expected)
2024-06-12 04:41:56,594 INFO spawned: 'npm' with pid 1037
2024-06-12 04:41:58,560 INFO success: npm entered RUNNING state, process has stayed up for > than 1 seconds (startsecs)
2024-06-12 04:41:58,560 WARN exited: npm (exit status 127; not expected)
2024-06-12 04:41:59,564 INFO spawned: 'npm' with pid 1049
2024-06-12 04:42:01,364 INFO success: npm entered RUNNING state, process has stayed up for > than 1 seconds (startsecs)
2024-06-12 04:42:01,364 WARN exited: npm (exit status 127; not expected)
2024-06-12 04:42:02,371 INFO spawned: 'npm' with pid 1061
2024-06-12 04:42:03,378 INFO success: npm entered RUNNING state, process has stayed up for > than 1 seconds (startsecs)
2024-06-12 04:42:03,567 WARN exited: npm (exit status 127; not expected)
2024-06-12 04:42:04,571 INFO spawned: 'npm' with pid 1073
2024-06-12 04:42:06,412 INFO success: npm entered RUNNING state, process has stayed up for > than 1 seconds (startsecs)
2024-06-12 04:42:06,413 WARN exited: npm (exit status 127; not expected)
2024-06-12 04:42:07,418 INFO spawned: 'npm' with pid 1085
2024-06-12 04:42:08,424 INFO success: npm entered RUNNING state, process has stayed up for > than 1 seconds (startsecs)
2024-06-12 04:42:08,426 WARN received SIGTERM indicating exit request
2024-06-12 04:42:08,431 INFO waiting for artisan, npm to die
2024-06-12 04:42:09,445 WARN stopped: npm (terminated by SIGTERM)
2024-06-12 04:42:09,479 INFO stopped: artisan (exit status 0)
2024-06-12 04:42:23,781 CRIT Supervisor is running as root.  Privileges were not dropped because no user is specified in the config file.  If you intend to run as root, you can set user=root in the config file to avoid this message.
2024-06-12 04:42:23,790 INFO supervisord started with pid 1
2024-06-12 04:42:24,796 INFO spawned: 'artisan' with pid 7
2024-06-12 04:42:25,801 INFO success: artisan entered RUNNING state, process has stayed up for > than 1 seconds (startsecs)
2024-06-12 04:43:03,069 WARN received SIGTERM indicating exit request
2024-06-12 04:43:03,075 INFO waiting for artisan to die
2024-06-12 04:43:03,116 INFO stopped: artisan (exit status 0)
2024-06-12 04:48:58,114 CRIT Supervisor is running as root.  Privileges were not dropped because no user is specified in the config file.  If you intend to run as root, you can set user=root in the config file to avoid this message.
2024-06-12 04:48:58,123 INFO supervisord started with pid 1
2024-06-12 04:48:59,133 INFO spawned: 'artisan' with pid 7
2024-06-12 04:49:00,138 INFO success: artisan entered RUNNING state, process has stayed up for > than 1 seconds (startsecs)
2024-06-12 04:57:33,039 WARN received SIGTERM indicating exit request
2024-06-12 04:57:33,046 INFO waiting for artisan to die
2024-06-12 04:57:33,091 INFO stopped: artisan (exit status 0)
2024-06-12 04:58:55,866 CRIT Supervisor is running as root.  Privileges were not dropped because no user is specified in the config file.  If you intend to run as root, you can set user=root in the config file to avoid this message.
2024-06-12 04:58:55,875 INFO supervisord started with pid 1
2024-06-12 04:58:56,882 INFO spawned: 'artisan' with pid 7
2024-06-12 04:58:57,889 INFO success: artisan entered RUNNING state, process has stayed up for > than 1 seconds (startsecs)
2024-06-12 04:59:56,165 WARN received SIGTERM indicating exit request
2024-06-12 04:59:56,171 INFO waiting for artisan to die
2024-06-12 04:59:56,241 INFO stopped: artisan (exit status 0)
2024-06-12 05:06:57,356 CRIT Supervisor is running as root.  Privileges were not dropped because no user is specified in the config file.  If you intend to run as root, you can set user=root in the config file to avoid this message.
2024-06-12 05:06:57,365 INFO supervisord started with pid 1
2024-06-12 05:06:58,377 INFO spawned: 'artisan' with pid 7
2024-06-12 05:06:58,395 INFO spawned: 'npm' with pid 8
2024-06-12 05:06:59,408 INFO success: artisan entered RUNNING state, process has stayed up for > than 1 seconds (startsecs)
2024-06-12 05:06:59,410 INFO success: npm entered RUNNING state, process has stayed up for > than 1 seconds (startsecs)
2024-06-12 05:07:02,236 WARN exited: npm (exit status 127; not expected)
2024-06-12 05:07:03,248 INFO spawned: 'npm' with pid 23
2024-06-12 05:07:04,255 INFO success: npm entered RUNNING state, process has stayed up for > than 1 seconds (startsecs)
2024-06-12 05:07:04,973 WARN exited: npm (exit status 127; not expected)
2024-06-12 05:07:05,977 INFO spawned: 'npm' with pid 35
2024-06-12 05:07:06,808 WARN exited: npm (exit status 127; not expected)
2024-06-12 05:07:07,813 INFO spawned: 'npm' with pid 47
2024-06-12 05:07:08,671 WARN exited: npm (exit status 127; not expected)
2024-06-12 05:07:10,676 INFO spawned: 'npm' with pid 59
2024-06-12 05:07:12,610 INFO success: npm entered RUNNING state, process has stayed up for > than 1 seconds (startsecs)
2024-06-12 05:07:12,611 WARN exited: npm (exit status 127; not expected)
2024-06-12 05:07:13,615 INFO spawned: 'npm' with pid 71
2024-06-12 05:07:15,439 INFO success: npm entered RUNNING state, process has stayed up for > than 1 seconds (startsecs)
2024-06-12 05:07:15,440 WARN exited: npm (exit status 127; not expected)
2024-06-12 05:07:16,444 INFO spawned: 'npm' with pid 83
2024-06-12 05:07:18,289 INFO success: npm entered RUNNING state, process has stayed up for > than 1 seconds (startsecs)
2024-06-12 05:07:18,289 WARN exited: npm (exit status 127; not expected)
2024-06-12 05:07:19,293 INFO spawned: 'npm' with pid 95
2024-06-12 05:07:21,191 INFO success: npm entered RUNNING state, process has stayed up for > than 1 seconds (startsecs)
2024-06-12 05:07:21,192 WARN exited: npm (exit status 127; not expected)
2024-06-12 05:07:22,196 INFO spawned: 'npm' with pid 107
2024-06-12 05:07:24,008 INFO success: npm entered RUNNING state, process has stayed up for > than 1 seconds (startsecs)
2024-06-12 05:07:24,009 WARN exited: npm (exit status 127; not expected)
2024-06-12 05:07:25,012 INFO spawned: 'npm' with pid 119
2024-06-12 05:07:25,957 WARN exited: npm (exit status 127; not expected)
2024-06-12 05:07:26,961 INFO spawned: 'npm' with pid 131
2024-06-12 05:07:28,790 INFO success: npm entered RUNNING state, process has stayed up for > than 1 seconds (startsecs)
2024-06-12 05:07:28,791 WARN exited: npm (exit status 127; not expected)
2024-06-12 05:07:29,795 INFO spawned: 'npm' with pid 143
2024-06-12 05:07:30,802 INFO success: npm entered RUNNING state, process has stayed up for > than 1 seconds (startsecs)
2024-06-12 05:07:32,195 WARN exited: npm (exit status 127; not expected)
2024-06-12 05:07:33,198 INFO spawned: 'npm' with pid 155
2024-06-12 05:07:34,037 WARN exited: npm (exit status 127; not expected)
2024-06-12 05:07:35,042 INFO spawned: 'npm' with pid 167
2024-06-12 05:07:36,049 INFO success: npm entered RUNNING state, process has stayed up for > than 1 seconds (startsecs)
2024-06-12 05:07:36,649 WARN exited: npm (exit status 127; not expected)
2024-06-12 05:07:37,655 INFO spawned: 'npm' with pid 179
2024-06-12 05:07:39,517 INFO success: npm entered RUNNING state, process has stayed up for > than 1 seconds (startsecs)
2024-06-12 05:07:39,518 WARN exited: npm (exit status 127; not expected)
2024-06-12 05:07:40,527 INFO spawned: 'npm' with pid 191
2024-06-12 05:07:42,398 INFO success: npm entered RUNNING state, process has stayed up for > than 1 seconds (startsecs)
2024-06-12 05:07:42,399 WARN exited: npm (exit status 127; not expected)
2024-06-12 05:07:43,403 INFO spawned: 'npm' with pid 203
2024-06-12 05:07:44,286 WARN exited: npm (exit status 127; not expected)
2024-06-12 05:07:45,290 INFO spawned: 'npm' with pid 215
2024-06-12 05:07:47,231 INFO success: npm entered RUNNING state, process has stayed up for > than 1 seconds (startsecs)
2024-06-12 05:07:47,232 WARN exited: npm (exit status 127; not expected)
2024-06-12 05:07:48,235 INFO spawned: 'npm' with pid 227
2024-06-12 05:07:50,070 INFO success: npm entered RUNNING state, process has stayed up for > than 1 seconds (startsecs)
2024-06-12 05:07:50,070 WARN exited: npm (exit status 127; not expected)
2024-06-12 05:07:51,074 INFO spawned: 'npm' with pid 239
2024-06-12 05:07:51,888 WARN exited: npm (exit status 127; not expected)
2024-06-12 05:07:52,893 INFO spawned: 'npm' with pid 251
2024-06-12 05:07:53,899 INFO success: npm entered RUNNING state, process has stayed up for > than 1 seconds (startsecs)
2024-06-12 05:07:53,954 WARN exited: npm (exit status 127; not expected)
2024-06-12 05:07:54,958 INFO spawned: 'npm' with pid 263
2024-06-12 05:07:55,963 INFO success: npm entered RUNNING state, process has stayed up for > than 1 seconds (startsecs)
2024-06-12 05:07:56,243 WARN exited: npm (exit status 127; not expected)
2024-06-12 05:07:57,249 INFO spawned: 'npm' with pid 275
2024-06-12 05:07:58,254 INFO success: npm entered RUNNING state, process has stayed up for > than 1 seconds (startsecs)
2024-06-12 05:07:58,399 WARN exited: npm (exit status 127; not expected)
2024-06-12 05:07:59,403 INFO spawned: 'npm' with pid 287
2024-06-12 05:08:00,392 WARN exited: npm (exit status 127; not expected)
2024-06-12 05:08:01,396 INFO spawned: 'npm' with pid 299
2024-06-12 05:08:02,404 INFO success: npm entered RUNNING state, process has stayed up for > than 1 seconds (startsecs)
2024-06-12 05:08:03,739 WARN exited: npm (exit status 127; not expected)
2024-06-12 05:08:04,743 INFO spawned: 'npm' with pid 311
2024-06-12 05:08:05,749 INFO success: npm entered RUNNING state, process has stayed up for > than 1 seconds (startsecs)
2024-06-12 05:08:05,859 WARN exited: npm (exit status 127; not expected)
2024-06-12 05:08:06,863 INFO spawned: 'npm' with pid 323
2024-06-12 05:08:08,716 INFO success: npm entered RUNNING state, process has stayed up for > than 1 seconds (startsecs)
2024-06-12 05:08:08,717 WARN exited: npm (exit status 127; not expected)
2024-06-12 05:08:09,722 INFO spawned: 'npm' with pid 335
2024-06-12 05:08:10,724 INFO success: npm entered RUNNING state, process has stayed up for > than 1 seconds (startsecs)
2024-06-12 05:08:10,817 WARN exited: npm (exit status 127; not expected)
2024-06-12 05:08:11,821 INFO spawned: 'npm' with pid 347
2024-06-12 05:08:13,711 INFO success: npm entered RUNNING state, process has stayed up for > than 1 seconds (startsecs)
2024-06-12 05:08:13,711 WARN exited: npm (exit status 127; not expected)
2024-06-12 05:08:14,715 INFO spawned: 'npm' with pid 359
2024-06-12 05:08:16,582 INFO success: npm entered RUNNING state, process has stayed up for > than 1 seconds (startsecs)
2024-06-12 05:08:16,583 WARN exited: npm (exit status 127; not expected)
2024-06-12 05:08:17,586 INFO spawned: 'npm' with pid 371
2024-06-12 05:08:18,462 WARN exited: npm (exit status 127; not expected)
2024-06-12 05:08:19,466 INFO spawned: 'npm' with pid 383
2024-06-12 05:08:20,471 INFO success: npm entered RUNNING state, process has stayed up for > than 1 seconds (startsecs)
2024-06-12 05:08:21,546 WARN exited: npm (exit status 127; not expected)
2024-06-12 05:08:22,550 INFO spawned: 'npm' with pid 395
2024-06-12 05:08:24,499 INFO success: npm entered RUNNING state, process has stayed up for > than 1 seconds (startsecs)
2024-06-12 05:08:24,499 WARN exited: npm (exit status 127; not expected)
2024-06-12 05:08:25,504 INFO spawned: 'npm' with pid 407
2024-06-12 05:08:26,361 WARN exited: npm (exit status 127; not expected)
2024-06-12 05:08:27,366 INFO spawned: 'npm' with pid 419
2024-06-12 05:08:28,370 INFO success: npm entered RUNNING state, process has stayed up for > than 1 seconds (startsecs)
2024-06-12 05:08:28,641 WARN exited: npm (exit status 127; not expected)
2024-06-12 05:08:28,907 INFO spawned: 'npm' with pid 431
2024-06-12 05:08:29,939 INFO success: npm entered RUNNING state, process has stayed up for > than 1 seconds (startsecs)
2024-06-12 05:08:29,939 WARN exited: npm (exit status 127; not expected)
2024-06-12 05:08:30,942 INFO spawned: 'npm' with pid 443
2024-06-12 05:08:31,948 INFO success: npm entered RUNNING state, process has stayed up for > than 1 seconds (startsecs)
2024-06-12 05:08:32,340 WARN exited: npm (exit status 127; not expected)
2024-06-12 05:08:32,443 INFO spawned: 'npm' with pid 457
2024-06-12 05:08:34,292 INFO success: npm entered RUNNING state, process has stayed up for > than 1 seconds (startsecs)
2024-06-12 05:08:34,293 WARN exited: npm (exit status 127; not expected)
2024-06-12 05:08:35,297 INFO spawned: 'npm' with pid 469
2024-06-12 05:08:37,103 INFO success: npm entered RUNNING state, process has stayed up for > than 1 seconds (startsecs)
2024-06-12 05:08:37,103 WARN exited: npm (exit status 127; not expected)
2024-06-12 05:08:38,109 INFO spawned: 'npm' with pid 481
2024-06-12 05:08:39,004 WARN exited: npm (exit status 127; not expected)
2024-06-12 05:08:40,008 INFO spawned: 'npm' with pid 493
2024-06-12 05:08:41,977 INFO success: npm entered RUNNING state, process has stayed up for > than 1 seconds (startsecs)
2024-06-12 05:08:41,977 WARN exited: npm (exit status 127; not expected)
2024-06-12 05:08:42,981 INFO spawned: 'npm' with pid 505
2024-06-12 05:08:44,889 INFO success: npm entered RUNNING state, process has stayed up for > than 1 seconds (startsecs)
2024-06-12 05:08:44,889 WARN exited: npm (exit status 127; not expected)
2024-06-12 05:08:45,893 INFO spawned: 'npm' with pid 517
2024-06-12 05:08:46,897 INFO success: npm entered RUNNING state, process has stayed up for > than 1 seconds (startsecs)
2024-06-12 05:08:47,216 WARN exited: npm (exit status 127; not expected)
2024-06-12 05:08:48,222 INFO spawned: 'npm' with pid 529
2024-06-12 05:08:49,230 INFO success: npm entered RUNNING state, process has stayed up for > than 1 seconds (startsecs)
2024-06-12 05:08:49,769 WARN exited: npm (exit status 127; not expected)
2024-06-12 05:08:50,774 INFO spawned: 'npm' with pid 541
2024-06-12 05:08:52,753 INFO success: npm entered RUNNING state, process has stayed up for > than 1 seconds (startsecs)
2024-06-12 05:08:52,754 WARN exited: npm (exit status 127; not expected)
2024-06-12 05:08:53,757 INFO spawned: 'npm' with pid 553
2024-06-12 05:08:55,676 INFO success: npm entered RUNNING state, process has stayed up for > than 1 seconds (startsecs)
2024-06-12 05:08:55,676 WARN exited: npm (exit status 127; not expected)
2024-06-12 05:08:56,679 INFO spawned: 'npm' with pid 565
2024-06-12 05:08:58,562 INFO success: npm entered RUNNING state, process has stayed up for > than 1 seconds (startsecs)
2024-06-12 05:08:58,563 WARN exited: npm (exit status 127; not expected)
2024-06-12 05:08:59,571 INFO spawned: 'npm' with pid 577
2024-06-12 05:09:00,573 INFO success: npm entered RUNNING state, process has stayed up for > than 1 seconds (startsecs)
2024-06-12 05:09:00,720 WARN exited: npm (exit status 127; not expected)
2024-06-12 05:09:01,725 INFO spawned: 'npm' with pid 589
2024-06-12 05:09:02,729 INFO success: npm entered RUNNING state, process has stayed up for > than 1 seconds (startsecs)
2024-06-12 05:09:04,319 WARN exited: npm (exit status 127; not expected)
2024-06-12 05:09:05,323 INFO spawned: 'npm' with pid 601
2024-06-12 05:09:06,319 WARN exited: npm (exit status 127; not expected)
2024-06-12 05:09:07,323 INFO spawned: 'npm' with pid 613
2024-06-12 05:09:08,205 WARN exited: npm (exit status 127; not expected)
2024-06-12 05:09:10,210 INFO spawned: 'npm' with pid 625
2024-06-12 05:09:11,124 WARN exited: npm (exit status 127; not expected)
2024-06-12 05:09:14,128 INFO spawned: 'npm' with pid 637
2024-06-12 05:09:16,095 INFO success: npm entered RUNNING state, process has stayed up for > than 1 seconds (startsecs)
2024-06-12 05:09:16,096 WARN exited: npm (exit status 127; not expected)
2024-06-12 05:09:17,101 INFO spawned: 'npm' with pid 649
2024-06-12 05:09:18,082 WARN exited: npm (exit status 127; not expected)
2024-06-12 05:09:19,087 INFO spawned: 'npm' with pid 661
2024-06-12 05:09:19,911 WARN exited: npm (exit status 127; not expected)
2024-06-12 05:09:21,917 INFO spawned: 'npm' with pid 673
2024-06-12 05:09:23,791 INFO success: npm entered RUNNING state, process has stayed up for > than 1 seconds (startsecs)
2024-06-12 05:09:23,792 WARN exited: npm (exit status 127; not expected)
2024-06-12 05:09:24,801 INFO spawned: 'npm' with pid 685
2024-06-12 05:09:25,738 WARN exited: npm (exit status 127; not expected)
2024-06-12 05:09:26,742 INFO spawned: 'npm' with pid 697
2024-06-12 05:09:27,673 WARN exited: npm (exit status 127; not expected)
2024-06-12 05:09:29,683 INFO spawned: 'npm' with pid 716
2024-06-12 05:09:30,687 INFO success: npm entered RUNNING state, process has stayed up for > than 1 seconds (startsecs)
2024-06-12 05:09:30,821 WARN exited: npm (exit status 127; not expected)
2024-06-12 05:09:30,828 INFO spawned: 'npm' with pid 728
2024-06-12 05:09:31,832 INFO success: npm entered RUNNING state, process has stayed up for > than 1 seconds (startsecs)
2024-06-12 05:09:31,880 WARN exited: npm (exit status 127; not expected)
2024-06-12 05:09:32,883 INFO spawned: 'npm' with pid 740
2024-06-12 05:09:34,853 INFO success: npm entered RUNNING state, process has stayed up for > than 1 seconds (startsecs)
2024-06-12 05:09:34,853 WARN exited: npm (exit status 127; not expected)
2024-06-12 05:09:35,857 INFO spawned: 'npm' with pid 752
2024-06-12 05:09:36,861 INFO success: npm entered RUNNING state, process has stayed up for > than 1 seconds (startsecs)
2024-06-12 05:09:36,890 WARN exited: npm (exit status 127; not expected)
2024-06-12 05:09:37,894 INFO spawned: 'npm' with pid 764
2024-06-12 05:09:38,803 WARN exited: npm (exit status 127; not expected)
2024-06-12 05:09:39,808 INFO spawned: 'npm' with pid 776
2024-06-12 05:09:40,811 INFO success: npm entered RUNNING state, process has stayed up for > than 1 seconds (startsecs)
2024-06-12 05:09:40,841 WARN exited: npm (exit status 127; not expected)
2024-06-12 05:09:41,845 INFO spawned: 'npm' with pid 788
2024-06-12 05:09:42,754 WARN exited: npm (exit status 127; not expected)
2024-06-12 05:09:43,758 INFO spawned: 'npm' with pid 800
2024-06-12 05:09:45,617 INFO success: npm entered RUNNING state, process has stayed up for > than 1 seconds (startsecs)
2024-06-12 05:09:45,618 WARN exited: npm (exit status 127; not expected)
2024-06-12 05:09:46,621 INFO spawned: 'npm' with pid 812
2024-06-12 05:09:48,477 INFO success: npm entered RUNNING state, process has stayed up for > than 1 seconds (startsecs)
2024-06-12 05:09:48,477 WARN exited: npm (exit status 127; not expected)
2024-06-12 05:09:49,483 INFO spawned: 'npm' with pid 824
2024-06-12 05:09:51,335 INFO success: npm entered RUNNING state, process has stayed up for > than 1 seconds (startsecs)
2024-06-12 05:09:51,335 WARN exited: npm (exit status 127; not expected)
2024-06-12 05:09:52,339 INFO spawned: 'npm' with pid 836
2024-06-12 05:09:54,217 INFO success: npm entered RUNNING state, process has stayed up for > than 1 seconds (startsecs)
2024-06-12 05:09:54,218 WARN exited: npm (exit status 127; not expected)
2024-06-12 05:09:55,222 INFO spawned: 'npm' with pid 848
2024-06-12 05:09:57,085 INFO success: npm entered RUNNING state, process has stayed up for > than 1 seconds (startsecs)
2024-06-12 05:09:57,085 WARN exited: npm (exit status 127; not expected)
2024-06-12 05:09:58,089 INFO spawned: 'npm' with pid 860
2024-06-12 05:09:59,906 INFO success: npm entered RUNNING state, process has stayed up for > than 1 seconds (startsecs)
2024-06-12 05:09:59,906 WARN exited: npm (exit status 127; not expected)
2024-06-12 05:10:00,910 INFO spawned: 'npm' with pid 872
2024-06-12 05:10:01,915 INFO success: npm entered RUNNING state, process has stayed up for > than 1 seconds (startsecs)
2024-06-12 05:10:02,246 WARN exited: npm (exit status 127; not expected)
2024-06-12 05:10:03,253 INFO spawned: 'npm' with pid 884
2024-06-12 05:10:04,256 INFO success: npm entered RUNNING state, process has stayed up for > than 1 seconds (startsecs)
2024-06-12 05:10:05,491 WARN exited: npm (exit status 127; not expected)
2024-06-12 05:10:06,497 INFO spawned: 'npm' with pid 896
2024-06-12 05:10:07,500 INFO success: npm entered RUNNING state, process has stayed up for > than 1 seconds (startsecs)
2024-06-12 05:10:08,688 WARN exited: npm (exit status 127; not expected)
2024-06-12 05:10:09,694 INFO spawned: 'npm' with pid 908
2024-06-12 05:10:10,610 WARN exited: npm (exit status 127; not expected)
2024-06-12 05:10:11,614 INFO spawned: 'npm' with pid 920
2024-06-12 05:10:12,574 WARN exited: npm (exit status 127; not expected)
2024-06-12 05:10:14,579 INFO spawned: 'npm' with pid 932
2024-06-12 05:10:15,532 WARN exited: npm (exit status 127; not expected)
2024-06-12 05:10:18,540 INFO spawned: 'npm' with pid 944
2024-06-12 05:10:19,486 WARN exited: npm (exit status 127; not expected)
2024-06-12 05:10:20,488 INFO gave up: npm entered FATAL state, too many start retries too quickly
2024-06-12 05:13:29,709 WARN received SIGTERM indicating exit request
2024-06-12 05:13:29,712 INFO waiting for artisan to die
2024-06-12 05:13:30,785 INFO stopped: artisan (exit status 0)
2024-06-12 05:19:25,425 CRIT Supervisor is running as root.  Privileges were not dropped because no user is specified in the config file.  If you intend to run as root, you can set user=root in the config file to avoid this message.
2024-06-12 05:19:25,436 INFO supervisord started with pid 1
2024-06-12 05:19:26,450 INFO spawned: 'artisan' with pid 7
2024-06-12 05:19:26,499 INFO spawned: 'npm' with pid 8
2024-06-12 05:19:27,512 INFO success: artisan entered RUNNING state, process has stayed up for > than 1 seconds (startsecs)
2024-06-12 05:19:27,517 INFO success: npm entered RUNNING state, process has stayed up for > than 1 seconds (startsecs)
2024-06-12 05:19:30,930 WARN exited: npm (exit status 127; not expected)
2024-06-12 05:19:31,940 INFO spawned: 'npm' with pid 23
2024-06-12 05:19:33,099 INFO success: npm entered RUNNING state, process has stayed up for > than 1 seconds (startsecs)
2024-06-12 05:19:34,522 WARN exited: npm (exit status 127; not expected)
2024-06-12 05:19:35,123 INFO spawned: 'npm' with pid 37
2024-06-12 05:19:36,180 INFO success: npm entered RUNNING state, process has stayed up for > than 1 seconds (startsecs)
2024-06-12 05:19:37,239 WARN exited: npm (exit status 127; not expected)
2024-06-12 05:19:38,243 INFO spawned: 'npm' with pid 49
2024-06-12 05:19:39,252 INFO success: npm entered RUNNING state, process has stayed up for > than 1 seconds (startsecs)
2024-06-12 05:19:39,603 WARN exited: npm (exit status 127; not expected)
2024-06-12 05:19:40,610 INFO spawned: 'npm' with pid 61
2024-06-12 05:19:41,617 INFO success: npm entered RUNNING state, process has stayed up for > than 1 seconds (startsecs)
2024-06-12 05:19:41,697 WARN exited: npm (exit status 127; not expected)
2024-06-12 05:19:42,705 INFO spawned: 'npm' with pid 73
2024-06-12 05:19:43,615 WARN exited: npm (exit status 127; not expected)
2024-06-12 05:19:44,619 INFO spawned: 'npm' with pid 85
2024-06-12 05:19:45,625 INFO success: npm entered RUNNING state, process has stayed up for > than 1 seconds (startsecs)
2024-06-12 05:19:46,718 WARN exited: npm (exit status 127; not expected)
2024-06-12 05:19:47,723 INFO spawned: 'npm' with pid 97
2024-06-12 05:19:48,582 WARN exited: npm (exit status 127; not expected)
2024-06-12 05:19:49,587 INFO spawned: 'npm' with pid 109
2024-06-12 05:19:50,579 WARN exited: npm (exit status 127; not expected)
2024-06-12 05:19:52,584 INFO spawned: 'npm' with pid 121
2024-06-12 05:19:53,406 WARN exited: npm (exit status 127; not expected)
2024-06-12 05:19:56,412 INFO spawned: 'npm' with pid 133
2024-06-12 05:19:58,221 INFO success: npm entered RUNNING state, process has stayed up for > than 1 seconds (startsecs)
2024-06-12 05:19:58,222 WARN exited: npm (exit status 127; not expected)
2024-06-12 05:19:59,227 INFO spawned: 'npm' with pid 145
2024-06-12 05:20:01,145 INFO success: npm entered RUNNING state, process has stayed up for > than 1 seconds (startsecs)
2024-06-12 05:20:01,146 WARN exited: npm (exit status 127; not expected)
2024-06-12 05:20:02,151 INFO spawned: 'npm' with pid 157
2024-06-12 05:20:03,165 INFO success: npm entered RUNNING state, process has stayed up for > than 1 seconds (startsecs)
2024-06-12 05:20:04,980 WARN exited: npm (exit status 127; not expected)
2024-06-12 05:20:05,985 INFO spawned: 'npm' with pid 169
2024-06-12 05:20:06,989 INFO success: npm entered RUNNING state, process has stayed up for > than 1 seconds (startsecs)
2024-06-12 05:20:07,168 WARN exited: npm (exit status 127; not expected)
2024-06-12 05:20:08,174 INFO spawned: 'npm' with pid 181
2024-06-12 05:20:09,176 INFO success: npm entered RUNNING state, process has stayed up for > than 1 seconds (startsecs)
2024-06-12 05:20:10,256 WARN exited: npm (exit status 127; not expected)
2024-06-12 05:20:11,260 INFO spawned: 'npm' with pid 193
2024-06-12 05:20:12,267 INFO success: npm entered RUNNING state, process has stayed up for > than 1 seconds (startsecs)
2024-06-12 05:20:12,289 WARN exited: npm (exit status 127; not expected)
2024-06-12 05:20:13,294 INFO spawned: 'npm' with pid 205
2024-06-12 05:20:15,162 INFO success: npm entered RUNNING state, process has stayed up for > than 1 seconds (startsecs)
2024-06-12 05:20:15,163 WARN exited: npm (exit status 127; not expected)
2024-06-12 05:20:16,167 INFO spawned: 'npm' with pid 217
2024-06-12 05:20:18,149 INFO success: npm entered RUNNING state, process has stayed up for > than 1 seconds (startsecs)
2024-06-12 05:20:18,150 WARN exited: npm (exit status 127; not expected)
2024-06-12 05:20:19,154 INFO spawned: 'npm' with pid 229
2024-06-12 05:20:20,061 WARN exited: npm (exit status 127; not expected)
2024-06-12 05:20:21,066 INFO spawned: 'npm' with pid 241
2024-06-12 05:20:22,071 INFO success: npm entered RUNNING state, process has stayed up for > than 1 seconds (startsecs)
2024-06-12 05:20:23,137 WARN exited: npm (exit status 127; not expected)
2024-06-12 05:20:24,142 INFO spawned: 'npm' with pid 253
2024-06-12 05:20:25,150 INFO success: npm entered RUNNING state, process has stayed up for > than 1 seconds (startsecs)
2024-06-12 05:20:26,281 WARN exited: npm (exit status 127; not expected)
2024-06-12 05:20:27,285 INFO spawned: 'npm' with pid 265
2024-06-12 05:20:28,211 WARN exited: npm (exit status 127; not expected)
2024-06-12 05:20:29,214 INFO spawned: 'npm' with pid 277
2024-06-12 05:20:31,103 INFO success: npm entered RUNNING state, process has stayed up for > than 1 seconds (startsecs)
2024-06-12 05:20:31,104 WARN exited: npm (exit status 127; not expected)
2024-06-12 05:20:32,109 INFO spawned: 'npm' with pid 289
2024-06-12 05:20:33,112 INFO success: npm entered RUNNING state, process has stayed up for > than 1 seconds (startsecs)
2024-06-12 05:20:33,142 WARN exited: npm (exit status 127; not expected)
2024-06-12 05:20:34,146 INFO spawned: 'npm' with pid 301
2024-06-12 05:20:35,061 WARN exited: npm (exit status 127; not expected)
2024-06-12 05:20:36,066 INFO spawned: 'npm' with pid 313
2024-06-12 05:20:38,064 INFO success: npm entered RUNNING state, process has stayed up for > than 1 seconds (startsecs)
2024-06-12 05:20:38,064 WARN exited: npm (exit status 127; not expected)
2024-06-12 05:20:39,067 INFO spawned: 'npm' with pid 325
2024-06-12 05:20:39,903 WARN exited: npm (exit status 127; not expected)
2024-06-12 05:20:40,908 INFO spawned: 'npm' with pid 337
2024-06-12 05:20:42,791 INFO success: npm entered RUNNING state, process has stayed up for > than 1 seconds (startsecs)
2024-06-12 05:20:42,792 WARN exited: npm (exit status 127; not expected)
2024-06-12 05:20:43,795 INFO spawned: 'npm' with pid 349
2024-06-12 05:20:44,631 WARN exited: npm (exit status 127; not expected)
2024-06-12 05:20:45,635 INFO spawned: 'npm' with pid 361
2024-06-12 05:20:46,443 WARN exited: npm (exit status 127; not expected)
2024-06-12 05:20:48,451 INFO spawned: 'npm' with pid 373
2024-06-12 05:20:48,453 WARN received SIGTERM indicating exit request
2024-06-12 05:20:48,460 INFO waiting for artisan, npm to die
2024-06-12 05:20:51,081 WARN stopped: npm (exit status 127)
2024-06-12 05:20:51,164 INFO stopped: artisan (exit status 0)
2024-06-12 05:28:01,417 CRIT Supervisor is running as root.  Privileges were not dropped because no user is specified in the config file.  If you intend to run as root, you can set user=root in the config file to avoid this message.
2024-06-12 05:28:01,433 INFO supervisord started with pid 1
2024-06-12 05:28:02,455 INFO spawned: 'artisan' with pid 7
2024-06-12 05:28:02,483 INFO spawned: 'npm' with pid 8
2024-06-12 05:28:02,500 WARN exited: npm (exit status 127; not expected)
2024-06-12 05:28:03,501 INFO success: artisan entered RUNNING state, process has stayed up for > than 1 seconds (startsecs)
2024-06-12 05:28:03,518 INFO spawned: 'npm' with pid 9
2024-06-12 05:28:03,541 WARN exited: npm (exit status 127; not expected)
2024-06-12 05:28:06,349 INFO spawned: 'npm' with pid 13
2024-06-12 05:28:07,366 INFO success: npm entered RUNNING state, process has stayed up for > than 1 seconds (startsecs)
2024-06-12 05:28:07,366 WARN exited: npm (exit status 127; not expected)
2024-06-12 05:28:08,372 INFO spawned: 'npm' with pid 14
2024-06-12 05:28:08,379 WARN exited: npm (exit status 127; not expected)
2024-06-12 05:28:09,384 INFO spawned: 'npm' with pid 15
2024-06-12 05:28:09,396 WARN exited: npm (exit status 127; not expected)
2024-06-12 05:28:11,402 INFO spawned: 'npm' with pid 16
2024-06-12 05:28:11,408 WARN exited: npm (exit status 127; not expected)
2024-06-12 05:28:14,417 INFO spawned: 'npm' with pid 17
2024-06-12 05:28:14,840 WARN exited: npm (exit status 127; not expected)
2024-06-12 05:28:14,843 INFO gave up: npm entered FATAL state, too many start retries too quickly
2024-06-12 05:28:30,874 WARN received SIGTERM indicating exit request
2024-06-12 05:28:30,877 INFO waiting for artisan to die
2024-06-12 05:28:31,936 INFO stopped: artisan (exit status 0)
2024-06-12 05:41:11,578 CRIT Supervisor is running as root.  Privileges were not dropped because no user is specified in the config file.  If you intend to run as root, you can set user=root in the config file to avoid this message.
2024-06-12 05:41:11,612 INFO supervisord started with pid 1
2024-06-12 05:41:12,629 INFO spawned: 'artisan' with pid 7
2024-06-12 05:41:12,673 INFO spawned: 'npm' with pid 8
2024-06-12 05:41:12,701 WARN exited: npm (exit status 127; not expected)
2024-06-12 05:41:13,710 INFO success: artisan entered RUNNING state, process has stayed up for > than 1 seconds (startsecs)
2024-06-12 05:41:13,729 INFO spawned: 'npm' with pid 9
2024-06-12 05:41:13,760 WARN exited: npm (exit status 127; not expected)
2024-06-12 05:41:15,920 INFO spawned: 'npm' with pid 13
2024-06-12 05:41:15,945 WARN exited: npm (exit status 127; not expected)
2024-06-12 05:41:19,002 INFO spawned: 'npm' with pid 14
2024-06-12 05:41:19,021 WARN exited: npm (exit status 127; not expected)
2024-06-12 05:41:19,021 INFO gave up: npm entered FATAL state, too many start retries too quickly
2024-06-12 05:42:54,589 WARN received SIGTERM indicating exit request
2024-06-12 05:42:54,594 INFO waiting for artisan to die
2024-06-12 05:42:55,688 INFO stopped: artisan (exit status 0)
2024-06-12 05:48:10,199 CRIT Supervisor is running as root.  Privileges were not dropped because no user is specified in the config file.  If you intend to run as root, you can set user=root in the config file to avoid this message.
2024-06-12 05:48:10,213 INFO supervisord started with pid 1
2024-06-12 05:48:11,229 INFO spawned: 'artisan' with pid 7
2024-06-12 05:48:11,257 INFO spawned: 'npm' with pid 8
2024-06-12 05:48:11,285 WARN exited: npm (exit status 127; not expected)
2024-06-12 05:48:12,292 INFO success: artisan entered RUNNING state, process has stayed up for > than 1 seconds (startsecs)
2024-06-12 05:48:12,329 INFO spawned: 'npm' with pid 9
2024-06-12 05:48:12,385 WARN exited: npm (exit status 127; not expected)
2024-06-12 05:48:14,482 INFO spawned: 'npm' with pid 13
2024-06-12 05:48:14,500 WARN exited: npm (exit status 127; not expected)
2024-06-12 05:48:17,508 INFO spawned: 'npm' with pid 14
2024-06-12 05:48:17,512 WARN exited: npm (exit status 127; not expected)
2024-06-12 05:48:17,513 INFO gave up: npm entered FATAL state, too many start retries too quickly
2024-06-12 05:56:05,038 WARN received SIGTERM indicating exit request
2024-06-12 05:56:05,049 INFO waiting for artisan to die
2024-06-12 05:56:06,169 INFO stopped: artisan (exit status 0)
2024-06-12 05:58:37,211 CRIT Supervisor is running as root.  Privileges were not dropped because no user is specified in the config file.  If you intend to run as root, you can set user=root in the config file to avoid this message.
2024-06-12 05:58:37,226 INFO supervisord started with pid 1
2024-06-12 05:58:38,236 INFO spawned: 'artisan' with pid 6
2024-06-12 05:58:38,260 INFO spawned: 'npm' with pid 7
2024-06-12 05:58:38,276 WARN exited: npm (exit status 127; not expected)
2024-06-12 05:58:39,285 INFO success: artisan entered RUNNING state, process has stayed up for > than 1 seconds (startsecs)
2024-06-12 05:58:39,310 INFO spawned: 'npm' with pid 8
2024-06-12 05:58:39,353 WARN exited: npm (exit status 127; not expected)
2024-06-12 05:58:41,598 INFO spawned: 'npm' with pid 12
2024-06-12 05:58:42,635 INFO success: npm entered RUNNING state, process has stayed up for > than 1 seconds (startsecs)
2024-06-12 05:58:42,637 WARN exited: npm (exit status 127; not expected)
2024-06-12 05:58:43,659 INFO spawned: 'npm' with pid 13
2024-06-12 05:58:43,719 WARN exited: npm (exit status 127; not expected)
2024-06-12 05:58:45,120 INFO spawned: 'npm' with pid 14
2024-06-12 05:58:45,177 WARN exited: npm (exit status 127; not expected)
2024-06-12 05:58:47,218 INFO spawned: 'npm' with pid 17
2024-06-12 05:58:47,227 WARN exited: npm (exit status 127; not expected)
2024-06-12 05:58:50,721 INFO spawned: 'npm' with pid 18
2024-06-12 05:58:50,733 WARN exited: npm (exit status 127; not expected)
2024-06-12 05:58:51,735 INFO gave up: npm entered FATAL state, too many start retries too quickly
2024-06-12 06:04:09,496 INFO reaped unknown pid 71 (exit status 0)
2024-06-12 06:06:52,246 WARN received SIGTERM indicating exit request
2024-06-12 06:06:52,255 INFO waiting for artisan to die
2024-06-12 06:06:53,369 INFO stopped: artisan (exit status 0)
2024-06-12 06:08:39,887 CRIT Supervisor is running as root.  Privileges were not dropped because no user is specified in the config file.  If you intend to run as root, you can set user=root in the config file to avoid this message.
2024-06-12 06:08:39,901 INFO supervisord started with pid 1
2024-06-12 06:08:40,910 INFO spawned: 'artisan' with pid 7
2024-06-12 06:08:40,931 INFO spawned: 'npm' with pid 8
2024-06-12 06:08:41,944 INFO success: artisan entered RUNNING state, process has stayed up for > than 1 seconds (startsecs)
2024-06-12 06:08:41,950 INFO success: npm entered RUNNING state, process has stayed up for > than 1 seconds (startsecs)
2024-06-12 06:10:13,320 WARN received SIGTERM indicating exit request
2024-06-12 06:10:13,365 INFO waiting for artisan, npm to die
2024-06-12 06:10:14,423 WARN stopped: npm (terminated by SIGTERM)
2024-06-12 06:10:14,605 INFO stopped: artisan (exit status 0)
2024-06-12 06:13:32,179 CRIT Supervisor is running as root.  Privileges were not dropped because no user is specified in the config file.  If you intend to run as root, you can set user=root in the config file to avoid this message.
2024-06-12 06:13:32,191 INFO supervisord started with pid 1
2024-06-12 06:13:33,210 INFO spawned: 'artisan' with pid 7
2024-06-12 06:13:33,244 INFO spawned: 'npm' with pid 8
2024-06-12 06:13:34,324 INFO success: artisan entered RUNNING state, process has stayed up for > than 1 seconds (startsecs)
2024-06-12 06:13:34,336 INFO success: npm entered RUNNING state, process has stayed up for > than 1 seconds (startsecs)
2024-06-12 06:22:52,885 WARN received SIGTERM indicating exit request
2024-06-12 06:22:52,906 INFO waiting for artisan, npm to die
2024-06-12 06:22:53,927 WARN stopped: npm (terminated by SIGTERM)
2024-06-12 06:22:54,058 INFO stopped: artisan (exit status 0)
2024-06-12 06:23:53,523 CRIT Supervisor is running as root.  Privileges were not dropped because no user is specified in the config file.  If you intend to run as root, you can set user=root in the config file to avoid this message.
2024-06-12 06:23:53,533 INFO supervisord started with pid 1
2024-06-12 06:23:54,544 INFO spawned: 'artisan' with pid 7
2024-06-12 06:23:54,564 INFO spawned: 'npm' with pid 8
2024-06-12 06:23:55,572 INFO success: artisan entered RUNNING state, process has stayed up for > than 1 seconds (startsecs)
2024-06-12 06:23:55,577 INFO success: npm entered RUNNING state, process has stayed up for > than 1 seconds (startsecs)
2024-06-12 06:26:14,552 WARN received SIGTERM indicating exit request
2024-06-12 06:26:14,617 INFO waiting for artisan, npm to die
2024-06-12 06:26:16,423 WARN stopped: npm (terminated by SIGTERM)
2024-06-12 06:26:16,842 INFO stopped: artisan (exit status 0)
2024-06-12 06:33:46,551 CRIT Supervisor is running as root.  Privileges were not dropped because no user is specified in the config file.  If you intend to run as root, you can set user=root in the config file to avoid this message.
2024-06-12 06:33:46,566 INFO supervisord started with pid 1
2024-06-12 06:33:47,596 INFO spawned: 'artisan' with pid 7
2024-06-12 06:33:47,615 INFO spawned: 'npm' with pid 8
2024-06-12 06:33:48,624 INFO success: artisan entered RUNNING state, process has stayed up for > than 1 seconds (startsecs)
2024-06-12 06:33:48,625 INFO success: npm entered RUNNING state, process has stayed up for > than 1 seconds (startsecs)
2024-06-12 06:36:45,121 WARN received SIGTERM indicating exit request
2024-06-12 06:36:45,214 INFO waiting for artisan, npm to die
2024-06-12 06:36:47,422 WARN stopped: npm (terminated by SIGTERM)
2024-06-12 06:36:47,632 INFO stopped: artisan (exit status 0)
2024-06-12 06:46:41,873 CRIT Supervisor is running as root.  Privileges were not dropped because no user is specified in the config file.  If you intend to run as root, you can set user=root in the config file to avoid this message.
2024-06-12 06:46:41,885 INFO supervisord started with pid 1
2024-06-12 06:46:42,926 INFO spawned: 'artisan' with pid 7
2024-06-12 06:46:42,966 INFO spawned: 'npm' with pid 8
2024-06-12 06:46:44,011 INFO success: artisan entered RUNNING state, process has stayed up for > than 1 seconds (startsecs)
2024-06-12 06:46:44,023 INFO success: npm entered RUNNING state, process has stayed up for > than 1 seconds (startsecs)
2024-06-12 07:09:41,468 WARN received SIGTERM indicating exit request
2024-06-12 07:09:41,486 INFO waiting for artisan, npm to die
2024-06-12 07:09:41,637 WARN stopped: npm (terminated by SIGTERM)
2024-06-12 07:09:41,890 INFO stopped: artisan (exit status 0)
2024-06-12 07:18:39,121 CRIT Supervisor is running as root.  Privileges were not dropped because no user is specified in the config file.  If you intend to run as root, you can set user=root in the config file to avoid this message.
2024-06-12 07:18:39,124 INFO supervisord started with pid 1
2024-06-12 07:18:40,130 INFO spawned: 'artisan' with pid 7
2024-06-12 07:18:40,139 INFO spawned: 'npm' with pid 8
2024-06-12 07:18:41,234 INFO success: artisan entered RUNNING state, process has stayed up for > than 1 seconds (startsecs)
2024-06-12 07:18:41,234 INFO success: npm entered RUNNING state, process has stayed up for > than 1 seconds (startsecs)
2024-06-12 07:59:46,760 WARN received SIGTERM indicating exit request
2024-06-12 07:59:46,761 INFO waiting for artisan, npm to die
2024-06-12 07:59:47,762 WARN stopped: npm (terminated by SIGTERM)
2024-06-12 07:59:47,784 INFO stopped: artisan (exit status 0)
2024-06-12 08:02:32,183 CRIT Supervisor is running as root.  Privileges were not dropped because no user is specified in the config file.  If you intend to run as root, you can set user=root in the config file to avoid this message.
2024-06-12 08:02:32,185 INFO supervisord started with pid 1
2024-06-12 08:02:33,191 INFO spawned: 'artisan' with pid 7
2024-06-12 08:02:33,195 INFO spawned: 'npm' with pid 8
2024-06-12 08:02:34,659 INFO success: artisan entered RUNNING state, process has stayed up for > than 1 seconds (startsecs)
2024-06-12 08:02:34,660 INFO success: npm entered RUNNING state, process has stayed up for > than 1 seconds (startsecs)
2024-06-12 13:14:13,643 WARN received SIGTERM indicating exit request
2024-06-12 13:14:13,643 INFO waiting for artisan, npm to die
2024-06-12 13:14:14,645 WARN stopped: npm (terminated by SIGTERM)
2024-06-12 13:14:14,660 INFO stopped: artisan (exit status 0)
2024-06-12 13:16:03,529 CRIT Supervisor is running as root.  Privileges were not dropped because no user is specified in the config file.  If you intend to run as root, you can set user=root in the config file to avoid this message.
2024-06-12 13:16:03,534 INFO supervisord started with pid 1
2024-06-12 13:16:04,541 INFO spawned: 'artisan' with pid 7
2024-06-12 13:16:04,546 INFO spawned: 'npm' with pid 8
2024-06-12 13:16:05,562 INFO success: artisan entered RUNNING state, process has stayed up for > than 1 seconds (startsecs)
2024-06-12 13:16:05,565 INFO success: npm entered RUNNING state, process has stayed up for > than 1 seconds (startsecs)
2024-06-12 14:06:49,045 WARN received SIGTERM indicating exit request
2024-06-12 14:06:49,048 INFO waiting for artisan, npm to die
2024-06-12 14:06:50,051 WARN stopped: npm (terminated by SIGTERM)
2024-06-12 14:06:50,069 INFO stopped: artisan (exit status 0)
2024-06-12 14:08:08,655 CRIT Supervisor is running as root.  Privileges were not dropped because no user is specified in the config file.  If you intend to run as root, you can set user=root in the config file to avoid this message.
2024-06-12 14:08:08,658 INFO supervisord started with pid 1
2024-06-12 14:08:09,663 INFO spawned: 'artisan' with pid 7
2024-06-12 14:08:09,670 INFO spawned: 'npm' with pid 8
2024-06-12 14:08:10,715 INFO success: artisan entered RUNNING state, process has stayed up for > than 1 seconds (startsecs)
2024-06-12 14:08:10,716 INFO success: npm entered RUNNING state, process has stayed up for > than 1 seconds (startsecs)
2024-06-12 14:21:57,167 WARN received SIGTERM indicating exit request
2024-06-12 14:21:57,167 INFO waiting for artisan, npm to die
2024-06-12 14:21:58,168 WARN stopped: npm (terminated by SIGTERM)
2024-06-12 14:21:58,185 INFO stopped: artisan (exit status 0)
2024-06-12 14:30:36,562 CRIT Supervisor is running as root.  Privileges were not dropped because no user is specified in the config file.  If you intend to run as root, you can set user=root in the config file to avoid this message.
2024-06-12 14:30:36,566 INFO supervisord started with pid 1
2024-06-12 14:30:37,570 INFO spawned: 'artisan' with pid 7
2024-06-12 14:30:37,576 INFO spawned: 'npm' with pid 8
2024-06-12 14:30:38,584 INFO success: artisan entered RUNNING state, process has stayed up for > than 1 seconds (startsecs)
2024-06-12 14:30:38,586 INFO success: npm entered RUNNING state, process has stayed up for > than 1 seconds (startsecs)
2024-06-12 14:51:12,087 WARN received SIGTERM indicating exit request
2024-06-12 14:51:12,088 INFO waiting for artisan, npm to die
2024-06-12 14:51:13,089 WARN stopped: npm (terminated by SIGTERM)
2024-06-12 14:51:13,113 INFO stopped: artisan (exit status 0)
2024-06-12 14:54:41,954 CRIT Supervisor is running as root.  Privileges were not dropped because no user is specified in the config file.  If you intend to run as root, you can set user=root in the config file to avoid this message.
2024-06-12 14:54:41,958 INFO supervisord started with pid 1
2024-06-12 14:54:42,962 INFO spawned: 'artisan' with pid 7
2024-06-12 14:54:42,966 INFO spawned: 'npm' with pid 8
2024-06-12 14:54:43,969 INFO success: artisan entered RUNNING state, process has stayed up for > than 1 seconds (startsecs)
2024-06-12 14:54:43,970 INFO success: npm entered RUNNING state, process has stayed up for > than 1 seconds (startsecs)
2024-06-12 15:00:25,474 WARN received SIGTERM indicating exit request
2024-06-12 15:00:25,474 INFO waiting for artisan, npm to die
2024-06-12 15:00:26,476 WARN stopped: npm (terminated by SIGTERM)
2024-06-12 15:00:26,506 INFO stopped: artisan (exit status 0)
2024-06-12 15:03:10,647 CRIT Supervisor is running as root.  Privileges were not dropped because no user is specified in the config file.  If you intend to run as root, you can set user=root in the config file to avoid this message.
2024-06-12 15:03:10,650 INFO supervisord started with pid 1
2024-06-12 15:03:11,656 INFO spawned: 'artisan' with pid 6
2024-06-12 15:03:11,662 INFO spawned: 'npm' with pid 7
2024-06-12 15:03:12,667 INFO success: artisan entered RUNNING state, process has stayed up for > than 1 seconds (startsecs)
2024-06-12 15:03:12,668 INFO success: npm entered RUNNING state, process has stayed up for > than 1 seconds (startsecs)
2024-06-13 07:20:39,368 WARN received SIGTERM indicating exit request
2024-06-13 07:20:39,370 INFO waiting for artisan, npm to die
2024-06-13 07:20:40,371 WARN stopped: npm (terminated by SIGTERM)
2024-06-13 07:20:40,407 INFO stopped: artisan (exit status 0)
2024-06-13 07:25:04,802 CRIT Supervisor is running as root.  Privileges were not dropped because no user is specified in the config file.  If you intend to run as root, you can set user=root in the config file to avoid this message.
2024-06-13 07:25:04,805 INFO supervisord started with pid 1
2024-06-13 07:25:05,813 INFO spawned: 'artisan' with pid 7
2024-06-13 07:25:05,823 INFO spawned: 'npm' with pid 8
2024-06-13 07:25:06,836 INFO success: artisan entered RUNNING state, process has stayed up for > than 1 seconds (startsecs)
2024-06-13 07:25:06,838 INFO success: npm entered RUNNING state, process has stayed up for > than 1 seconds (startsecs)
2024-06-13 07:40:42,475 WARN received SIGTERM indicating exit request
2024-06-13 07:40:42,475 INFO waiting for artisan, npm to die
2024-06-13 07:40:43,477 WARN stopped: npm (terminated by SIGTERM)
2024-06-13 07:40:43,502 INFO stopped: artisan (exit status 0)
2024-06-13 07:44:58,811 CRIT Supervisor is running as root.  Privileges were not dropped because no user is specified in the config file.  If you intend to run as root, you can set user=root in the config file to avoid this message.
2024-06-13 07:44:58,814 INFO supervisord started with pid 1
2024-06-13 07:44:59,818 INFO spawned: 'artisan' with pid 6
2024-06-13 07:44:59,827 INFO spawned: 'npm' with pid 7
2024-06-13 07:45:00,829 INFO success: artisan entered RUNNING state, process has stayed up for > than 1 seconds (startsecs)
2024-06-13 07:45:00,830 INFO success: npm entered RUNNING state, process has stayed up for > than 1 seconds (startsecs)
2024-06-13 08:27:51,352 CRIT Supervisor is running as root.  Privileges were not dropped because no user is specified in the config file.  If you intend to run as root, you can set user=root in the config file to avoid this message.
2024-06-13 08:27:51,356 INFO supervisord started with pid 1
2024-06-13 08:27:52,359 INFO spawned: 'artisan' with pid 6
2024-06-13 08:27:52,365 INFO spawned: 'npm' with pid 7
2024-06-13 08:27:53,820 INFO success: artisan entered RUNNING state, process has stayed up for > than 1 seconds (startsecs)
2024-06-13 08:27:53,823 INFO success: npm entered RUNNING state, process has stayed up for > than 1 seconds (startsecs)
2024-06-13 08:37:03,703 WARN received SIGTERM indicating exit request
2024-06-13 08:37:03,703 INFO waiting for artisan, npm to die
2024-06-13 08:37:04,705 WARN stopped: npm (terminated by SIGTERM)
2024-06-13 08:37:04,737 INFO stopped: artisan (exit status 0)
2024-06-13 08:40:31,264 CRIT Supervisor is running as root.  Privileges were not dropped because no user is specified in the config file.  If you intend to run as root, you can set user=root in the config file to avoid this message.
2024-06-13 08:40:31,271 INFO supervisord started with pid 1
2024-06-13 08:40:32,275 INFO spawned: 'artisan' with pid 7
2024-06-13 08:40:32,278 INFO spawned: 'npm' with pid 8
2024-06-13 08:40:33,283 INFO success: artisan entered RUNNING state, process has stayed up for > than 1 seconds (startsecs)
2024-06-13 08:40:33,284 INFO success: npm entered RUNNING state, process has stayed up for > than 1 seconds (startsecs)
2024-06-13 09:34:01,172 WARN received SIGTERM indicating exit request
2024-06-13 09:34:01,173 INFO waiting for artisan, npm to die
2024-06-13 09:34:02,175 WARN stopped: npm (terminated by SIGTERM)
2024-06-13 09:34:02,199 INFO stopped: artisan (exit status 0)
2024-06-13 09:34:14,988 CRIT Supervisor is running as root.  Privileges were not dropped because no user is specified in the config file.  If you intend to run as root, you can set user=root in the config file to avoid this message.
2024-06-13 09:34:14,994 INFO supervisord started with pid 1
2024-06-13 09:34:15,998 INFO spawned: 'artisan' with pid 7
2024-06-13 09:34:16,007 INFO spawned: 'npm' with pid 8
2024-06-13 09:34:17,011 INFO success: artisan entered RUNNING state, process has stayed up for > than 1 seconds (startsecs)
2024-06-13 09:34:17,013 INFO success: npm entered RUNNING state, process has stayed up for > than 1 seconds (startsecs)
2024-06-13 09:35:10,085 WARN received SIGTERM indicating exit request
2024-06-13 09:35:10,086 INFO waiting for artisan, npm to die
2024-06-13 09:35:25,176 CRIT Supervisor is running as root.  Privileges were not dropped because no user is specified in the config file.  If you intend to run as root, you can set user=root in the config file to avoid this message.
2024-06-13 09:35:25,179 INFO supervisord started with pid 1
2024-06-13 09:35:26,185 INFO spawned: 'artisan' with pid 7
2024-06-13 09:35:26,192 INFO spawned: 'npm' with pid 8
2024-06-13 09:35:27,200 INFO success: artisan entered RUNNING state, process has stayed up for > than 1 seconds (startsecs)
2024-06-13 09:35:27,200 INFO success: npm entered RUNNING state, process has stayed up for > than 1 seconds (startsecs)
2024-06-13 09:36:57,882 WARN received SIGTERM indicating exit request
2024-06-13 09:36:57,882 INFO waiting for artisan, npm to die
2024-06-13 09:41:57,265 CRIT Supervisor is running as root.  Privileges were not dropped because no user is specified in the config file.  If you intend to run as root, you can set user=root in the config file to avoid this message.
2024-06-13 09:41:57,270 INFO supervisord started with pid 1
2024-06-13 09:41:58,277 INFO spawned: 'artisan' with pid 6
2024-06-13 09:41:58,284 INFO spawned: 'npm' with pid 7
2024-06-13 09:41:59,288 INFO success: artisan entered RUNNING state, process has stayed up for > than 1 seconds (startsecs)
2024-06-13 09:41:59,290 INFO success: npm entered RUNNING state, process has stayed up for > than 1 seconds (startsecs)
2024-06-13 09:44:22,977 WARN received SIGTERM indicating exit request
2024-06-13 09:44:22,978 INFO waiting for artisan, npm to die
2024-06-13 09:44:23,980 WARN stopped: npm (terminated by SIGTERM)
2024-06-13 09:44:24,007 INFO stopped: artisan (exit status 0)
2024-06-13 09:44:48,824 CRIT Supervisor is running as root.  Privileges were not dropped because no user is specified in the config file.  If you intend to run as root, you can set user=root in the config file to avoid this message.
2024-06-13 09:44:48,826 INFO supervisord started with pid 1
2024-06-13 09:44:49,830 INFO spawned: 'artisan' with pid 7
2024-06-13 09:44:49,837 INFO spawned: 'npm' with pid 8
2024-06-13 09:44:50,842 INFO success: artisan entered RUNNING state, process has stayed up for > than 1 seconds (startsecs)
2024-06-13 09:44:50,844 INFO success: npm entered RUNNING state, process has stayed up for > than 1 seconds (startsecs)
2024-06-13 09:54:08,697 WARN received SIGTERM indicating exit request
2024-06-13 09:54:08,698 INFO waiting for artisan, npm to die
2024-06-13 09:54:09,702 WARN stopped: npm (terminated by SIGTERM)
2024-06-13 09:54:10,722 INFO stopped: artisan (exit status 0)
2024-06-13 09:57:59,480 CRIT Supervisor is running as root.  Privileges were not dropped because no user is specified in the config file.  If you intend to run as root, you can set user=root in the config file to avoid this message.
2024-06-13 09:57:59,483 INFO supervisord started with pid 1
2024-06-13 09:58:00,489 INFO spawned: 'artisan' with pid 7
2024-06-13 09:58:00,493 INFO spawned: 'npm' with pid 8
2024-06-13 09:58:01,840 INFO success: artisan entered RUNNING state, process has stayed up for > than 1 seconds (startsecs)
2024-06-13 09:58:01,844 INFO success: npm entered RUNNING state, process has stayed up for > than 1 seconds (startsecs)
2024-06-13 10:03:08,223 WARN received SIGTERM indicating exit request
2024-06-13 10:03:08,223 INFO waiting for artisan, npm to die
2024-06-13 10:03:09,225 WARN stopped: npm (terminated by SIGTERM)
2024-06-13 10:03:09,244 INFO stopped: artisan (exit status 0)
2024-06-13 10:03:21,740 CRIT Supervisor is running as root.  Privileges were not dropped because no user is specified in the config file.  If you intend to run as root, you can set user=root in the config file to avoid this message.
2024-06-13 10:03:21,743 INFO supervisord started with pid 1
2024-06-13 10:03:22,748 INFO spawned: 'artisan' with pid 7
2024-06-13 10:03:22,752 INFO spawned: 'npm' with pid 8
2024-06-13 10:03:23,753 INFO success: artisan entered RUNNING state, process has stayed up for > than 1 seconds (startsecs)
2024-06-13 10:03:23,754 INFO success: npm entered RUNNING state, process has stayed up for > than 1 seconds (startsecs)
2024-06-13 10:03:40,767 WARN received SIGTERM indicating exit request
2024-06-13 10:03:40,768 INFO waiting for artisan, npm to die
2024-06-13 10:03:41,770 WARN stopped: npm (terminated by SIGTERM)
2024-06-13 10:03:41,790 INFO stopped: artisan (exit status 0)
2024-06-13 10:56:27,433 CRIT Supervisor is running as root.  Privileges were not dropped because no user is specified in the config file.  If you intend to run as root, you can set user=root in the config file to avoid this message.
2024-06-13 10:56:27,437 INFO supervisord started with pid 1
2024-06-13 10:56:28,443 INFO spawned: 'artisan' with pid 7
2024-06-13 10:56:28,449 INFO spawned: 'npm' with pid 8
2024-06-13 10:56:29,455 INFO success: artisan entered RUNNING state, process has stayed up for > than 1 seconds (startsecs)
2024-06-13 10:56:29,459 INFO success: npm entered RUNNING state, process has stayed up for > than 1 seconds (startsecs)
2024-06-13 10:59:41,185 WARN received SIGTERM indicating exit request
2024-06-13 10:59:41,186 INFO waiting for artisan, npm to die
2024-06-13 10:59:42,189 WARN stopped: npm (terminated by SIGTERM)
2024-06-13 10:59:42,211 INFO stopped: artisan (exit status 0)
2024-06-13 10:59:55,210 CRIT Supervisor is running as root.  Privileges were not dropped because no user is specified in the config file.  If you intend to run as root, you can set user=root in the config file to avoid this message.
2024-06-13 10:59:55,213 INFO supervisord started with pid 1
2024-06-13 10:59:56,218 INFO spawned: 'artisan' with pid 7
2024-06-13 10:59:56,224 INFO spawned: 'npm' with pid 8
2024-06-13 10:59:57,226 INFO success: artisan entered RUNNING state, process has stayed up for > than 1 seconds (startsecs)
2024-06-13 10:59:57,227 INFO success: npm entered RUNNING state, process has stayed up for > than 1 seconds (startsecs)
2024-06-13 11:04:56,277 WARN received SIGTERM indicating exit request
2024-06-13 11:04:56,278 INFO waiting for artisan, npm to die
2024-06-13 11:04:57,280 WARN stopped: npm (terminated by SIGTERM)
2024-06-13 11:04:57,305 INFO stopped: artisan (exit status 0)
2024-06-13 11:06:23,029 CRIT Supervisor is running as root.  Privileges were not dropped because no user is specified in the config file.  If you intend to run as root, you can set user=root in the config file to avoid this message.
2024-06-13 11:06:23,033 INFO supervisord started with pid 1
2024-06-13 11:06:24,039 INFO spawned: 'artisan' with pid 7
2024-06-13 11:06:24,049 INFO spawned: 'npm' with pid 8
2024-06-13 11:06:25,055 INFO success: artisan entered RUNNING state, process has stayed up for > than 1 seconds (startsecs)
2024-06-13 11:06:25,055 INFO success: npm entered RUNNING state, process has stayed up for > than 1 seconds (startsecs)
2024-06-13 11:21:16,637 INFO reaped unknown pid 71 (exit status 0)
2024-06-13 11:22:29,102 WARN received SIGTERM indicating exit request
2024-06-13 11:22:29,103 INFO waiting for artisan, npm to die
2024-06-13 11:22:30,107 WARN stopped: npm (terminated by SIGTERM)
2024-06-13 11:22:30,140 INFO stopped: artisan (exit status 0)
2024-06-13 11:29:36,157 CRIT Supervisor is running as root.  Privileges were not dropped because no user is specified in the config file.  If you intend to run as root, you can set user=root in the config file to avoid this message.
2024-06-13 11:29:36,163 INFO supervisord started with pid 1
2024-06-13 11:29:37,169 INFO spawned: 'artisan' with pid 7
2024-06-13 11:29:38,171 INFO success: artisan entered RUNNING state, process has stayed up for > than 1 seconds (startsecs)
2024-06-13 11:38:03,084 WARN received SIGTERM indicating exit request
2024-06-13 11:38:03,084 INFO waiting for artisan to die
2024-06-13 11:38:03,102 INFO stopped: artisan (exit status 0)
2024-06-13 11:55:30,132 CRIT Supervisor is running as root.  Privileges were not dropped because no user is specified in the config file.  If you intend to run as root, you can set user=root in the config file to avoid this message.
2024-06-13 11:55:30,137 INFO supervisord started with pid 1
2024-06-13 11:55:31,141 INFO spawned: 'artisan' with pid 7
2024-06-13 11:55:32,147 INFO success: artisan entered RUNNING state, process has stayed up for > than 1 seconds (startsecs)
2024-06-13 12:00:53,878 INFO reaped unknown pid 87 (terminated by SIGINT)
2024-06-13 12:01:01,888 INFO reaped unknown pid 116 (exit status 0)
2024-06-13 12:26:59,591 WARN received SIGTERM indicating exit request
2024-06-13 12:26:59,593 INFO waiting for artisan to die
2024-06-13 12:27:00,621 INFO stopped: artisan (exit status 0)
2024-06-13 12:30:11,393 CRIT Supervisor is running as root.  Privileges were not dropped because no user is specified in the config file.  If you intend to run as root, you can set user=root in the config file to avoid this message.
2024-06-13 12:30:11,399 INFO supervisord started with pid 1
2024-06-13 12:30:12,403 INFO spawned: 'artisan' with pid 6
2024-06-13 12:30:14,296 INFO success: artisan entered RUNNING state, process has stayed up for > than 1 seconds (startsecs)
2024-06-13 12:31:47,906 INFO reaped unknown pid 40 (exit status 0)
2024-06-13 12:44:54,887 WARN received SIGTERM indicating exit request
2024-06-13 12:44:54,891 INFO waiting for artisan to die
2024-06-13 12:44:54,917 INFO stopped: artisan (exit status 0)
2024-06-13 12:45:07,313 CRIT Supervisor is running as root.  Privileges were not dropped because no user is specified in the config file.  If you intend to run as root, you can set user=root in the config file to avoid this message.
2024-06-13 12:45:07,318 INFO supervisord started with pid 1
2024-06-13 12:45:08,322 INFO spawned: 'artisan' with pid 7
2024-06-13 12:45:10,216 INFO success: artisan entered RUNNING state, process has stayed up for > than 1 seconds (startsecs)
2024-06-13 12:50:18,992 WARN received SIGTERM indicating exit request
2024-06-13 12:50:18,993 INFO waiting for artisan to die
2024-06-13 12:50:19,019 INFO stopped: artisan (exit status 0)
2024-06-13 12:50:45,593 CRIT Supervisor is running as root.  Privileges were not dropped because no user is specified in the config file.  If you intend to run as root, you can set user=root in the config file to avoid this message.
2024-06-13 12:50:45,598 INFO supervisord started with pid 1
2024-06-13 12:50:46,602 INFO spawned: 'artisan' with pid 6
2024-06-13 12:50:48,397 INFO success: artisan entered RUNNING state, process has stayed up for > than 1 seconds (startsecs)
2024-06-13 12:54:06,585 WARN received SIGTERM indicating exit request
2024-06-13 12:54:06,586 INFO waiting for artisan to die
2024-06-13 12:54:06,606 INFO stopped: artisan (exit status 0)
2024-06-13 13:00:37,127 CRIT Supervisor is running as root.  Privileges were not dropped because no user is specified in the config file.  If you intend to run as root, you can set user=root in the config file to avoid this message.
2024-06-13 13:00:37,129 INFO supervisord started with pid 1
2024-06-13 13:00:38,133 INFO spawned: 'artisan' with pid 7
2024-06-13 13:00:39,914 INFO success: artisan entered RUNNING state, process has stayed up for > than 1 seconds (startsecs)
2024-06-13 13:03:45,020 WARN received SIGTERM indicating exit request
2024-06-13 13:03:45,021 INFO waiting for artisan to die
2024-06-13 13:03:45,038 INFO stopped: artisan (exit status 0)
2024-06-13 13:04:07,140 CRIT Supervisor is running as root.  Privileges were not dropped because no user is specified in the config file.  If you intend to run as root, you can set user=root in the config file to avoid this message.
2024-06-13 13:04:07,144 INFO supervisord started with pid 1
2024-06-13 13:04:08,149 INFO spawned: 'artisan' with pid 7
2024-06-13 13:04:09,154 INFO success: artisan entered RUNNING state, process has stayed up for > than 1 seconds (startsecs)
2024-06-13 13:11:24,150 WARN received SIGTERM indicating exit request
2024-06-13 13:11:24,151 INFO waiting for artisan to die
2024-06-13 13:11:24,175 INFO stopped: artisan (exit status 0)
2024-06-13 13:15:34,718 CRIT Supervisor is running as root.  Privileges were not dropped because no user is specified in the config file.  If you intend to run as root, you can set user=root in the config file to avoid this message.
2024-06-13 13:15:34,723 INFO supervisord started with pid 1
2024-06-13 13:15:35,729 INFO spawned: 'artisan' with pid 7
2024-06-13 13:15:36,732 INFO success: artisan entered RUNNING state, process has stayed up for > than 1 seconds (startsecs)
2024-06-13 13:16:13,034 WARN received SIGTERM indicating exit request
2024-06-13 13:16:13,034 INFO waiting for artisan to die
2024-06-13 13:16:13,056 INFO stopped: artisan (exit status 0)
2024-06-13 13:19:50,282 CRIT Supervisor is running as root.  Privileges were not dropped because no user is specified in the config file.  If you intend to run as root, you can set user=root in the config file to avoid this message.
2024-06-13 13:19:50,286 INFO supervisord started with pid 1
2024-06-13 13:19:51,300 INFO spawned: 'artisan' with pid 6
2024-06-13 13:19:52,303 INFO success: artisan entered RUNNING state, process has stayed up for > than 1 seconds (startsecs)
2024-06-13 13:22:02,555 WARN received SIGTERM indicating exit request
2024-06-13 13:22:02,559 INFO waiting for artisan to die
2024-06-13 13:22:02,587 INFO stopped: artisan (exit status 0)
2024-06-13 13:22:21,354 CRIT Supervisor is running as root.  Privileges were not dropped because no user is specified in the config file.  If you intend to run as root, you can set user=root in the config file to avoid this message.
2024-06-13 13:22:21,359 INFO supervisord started with pid 1
2024-06-13 13:22:22,364 INFO spawned: 'artisan' with pid 7
2024-06-13 13:22:24,236 INFO success: artisan entered RUNNING state, process has stayed up for > than 1 seconds (startsecs)
2024-06-13 13:24:08,302 WARN received SIGTERM indicating exit request
2024-06-13 13:24:08,304 INFO waiting for artisan to die
2024-06-13 13:24:08,325 INFO stopped: artisan (exit status 0)
2024-06-13 13:29:57,834 CRIT Supervisor is running as root.  Privileges were not dropped because no user is specified in the config file.  If you intend to run as root, you can set user=root in the config file to avoid this message.
2024-06-13 13:29:57,840 INFO supervisord started with pid 1
2024-06-13 13:29:58,846 INFO spawned: 'artisan' with pid 8
2024-06-13 13:29:59,849 INFO success: artisan entered RUNNING state, process has stayed up for > than 1 seconds (startsecs)
2024-06-13 14:23:57,185 WARN received SIGTERM indicating exit request
2024-06-13 14:23:57,191 INFO waiting for artisan to die
2024-06-13 14:23:57,241 INFO stopped: artisan (exit status 0)
2024-06-13 14:29:10,846 CRIT Supervisor is running as root.  Privileges were not dropped because no user is specified in the config file.  If you intend to run as root, you can set user=root in the config file to avoid this message.
2024-06-13 14:29:10,851 INFO supervisord started with pid 1
2024-06-13 14:29:11,892 INFO spawned: 'artisan' with pid 7
2024-06-13 14:29:12,898 INFO success: artisan entered RUNNING state, process has stayed up for > than 1 seconds (startsecs)
2024-06-13 14:36:50,002 WARN received SIGTERM indicating exit request
2024-06-13 14:36:50,010 INFO waiting for artisan to die
2024-06-13 14:36:50,062 INFO stopped: artisan (exit status 0)
2024-06-13 14:37:03,337 CRIT Supervisor is running as root.  Privileges were not dropped because no user is specified in the config file.  If you intend to run as root, you can set user=root in the config file to avoid this message.
2024-06-13 14:37:03,342 INFO supervisord started with pid 1
2024-06-13 14:37:04,378 INFO spawned: 'artisan' with pid 7
2024-06-13 14:37:05,392 INFO success: artisan entered RUNNING state, process has stayed up for > than 1 seconds (startsecs)
2024-06-13 14:45:09,635 WARN received SIGTERM indicating exit request
2024-06-13 14:45:09,641 INFO waiting for artisan to die
2024-06-13 14:45:09,709 INFO stopped: artisan (exit status 0)
2024-06-13 14:45:24,661 CRIT Supervisor is running as root.  Privileges were not dropped because no user is specified in the config file.  If you intend to run as root, you can set user=root in the config file to avoid this message.
2024-06-13 14:45:24,666 INFO supervisord started with pid 1
2024-06-13 14:45:25,697 INFO spawned: 'artisan' with pid 6
2024-06-13 14:45:26,703 INFO success: artisan entered RUNNING state, process has stayed up for > than 1 seconds (startsecs)
2024-06-13 14:47:42,124 WARN received SIGTERM indicating exit request
2024-06-13 14:47:42,134 INFO waiting for artisan to die
2024-06-13 14:47:42,204 INFO stopped: artisan (exit status 0)
2024-06-13 14:47:54,297 CRIT Supervisor is running as root.  Privileges were not dropped because no user is specified in the config file.  If you intend to run as root, you can set user=root in the config file to avoid this message.
2024-06-13 14:47:54,301 INFO supervisord started with pid 1
2024-06-13 14:47:55,349 INFO spawned: 'artisan' with pid 7
2024-06-13 14:47:56,355 INFO success: artisan entered RUNNING state, process has stayed up for > than 1 seconds (startsecs)
2024-06-13 14:48:18,113 WARN received SIGTERM indicating exit request
2024-06-13 14:48:18,118 INFO waiting for artisan to die
2024-06-13 14:48:18,173 INFO stopped: artisan (exit status 0)
2024-06-13 14:52:17,810 CRIT Supervisor is running as root.  Privileges were not dropped because no user is specified in the config file.  If you intend to run as root, you can set user=root in the config file to avoid this message.
2024-06-13 14:52:17,815 INFO supervisord started with pid 1
2024-06-13 14:52:18,853 INFO spawned: 'artisan' with pid 8
2024-06-13 14:52:19,865 INFO success: artisan entered RUNNING state, process has stayed up for > than 1 seconds (startsecs)
2024-06-13 14:53:55,158 WARN received SIGTERM indicating exit request
2024-06-13 14:53:55,160 INFO waiting for artisan to die
2024-06-13 14:53:55,204 INFO stopped: artisan (exit status 0)
2024-06-13 14:54:08,269 CRIT Supervisor is running as root.  Privileges were not dropped because no user is specified in the config file.  If you intend to run as root, you can set user=root in the config file to avoid this message.
2024-06-13 14:54:08,273 INFO supervisord started with pid 1
2024-06-13 14:54:09,279 INFO spawned: 'artisan' with pid 7
2024-06-13 14:54:11,231 INFO success: artisan entered RUNNING state, process has stayed up for > than 1 seconds (startsecs)
2024-06-13 14:56:36,406 WARN received SIGTERM indicating exit request
2024-06-13 14:56:36,406 INFO waiting for artisan to die
2024-06-13 14:56:36,422 INFO stopped: artisan (exit status 0)
2024-06-13 14:56:54,059 CRIT Supervisor is running as root.  Privileges were not dropped because no user is specified in the config file.  If you intend to run as root, you can set user=root in the config file to avoid this message.
2024-06-13 14:56:54,062 INFO supervisord started with pid 1
2024-06-13 14:56:55,065 INFO spawned: 'artisan' with pid 8
2024-06-13 14:56:56,807 INFO success: artisan entered RUNNING state, process has stayed up for > than 1 seconds (startsecs)
2024-06-13 14:57:22,328 WARN received SIGTERM indicating exit request
2024-06-13 14:57:22,328 INFO waiting for artisan to die
2024-06-13 14:57:22,342 INFO stopped: artisan (exit status 0)
2024-06-13 15:00:53,423 CRIT Supervisor is running as root.  Privileges were not dropped because no user is specified in the config file.  If you intend to run as root, you can set user=root in the config file to avoid this message.
2024-06-13 15:00:53,428 INFO supervisord started with pid 1
2024-06-13 15:00:54,433 INFO spawned: 'artisan' with pid 7
2024-06-13 15:00:55,438 INFO success: artisan entered RUNNING state, process has stayed up for > than 1 seconds (startsecs)
2024-06-13 15:04:03,079 WARN received SIGTERM indicating exit request
2024-06-13 15:04:03,079 INFO waiting for artisan to die
2024-06-13 15:04:03,096 INFO stopped: artisan (exit status 0)
2024-06-13 15:10:00,425 CRIT Supervisor is running as root.  Privileges were not dropped because no user is specified in the config file.  If you intend to run as root, you can set user=root in the config file to avoid this message.
2024-06-13 15:10:00,429 INFO supervisord started with pid 1
2024-06-13 15:10:01,432 INFO spawned: 'artisan' with pid 7
2024-06-13 15:10:03,278 INFO success: artisan entered RUNNING state, process has stayed up for > than 1 seconds (startsecs)
2024-06-13 15:12:30,441 WARN received SIGTERM indicating exit request
2024-06-13 15:12:30,441 INFO waiting for artisan to die
2024-06-13 15:12:30,460 INFO stopped: artisan (exit status 0)
2024-06-13 15:13:51,066 CRIT Supervisor is running as root.  Privileges were not dropped because no user is specified in the config file.  If you intend to run as root, you can set user=root in the config file to avoid this message.
2024-06-13 15:13:51,072 INFO supervisord started with pid 1
2024-06-13 15:13:52,076 INFO spawned: 'artisan' with pid 7
2024-06-13 15:13:53,926 INFO success: artisan entered RUNNING state, process has stayed up for > than 1 seconds (startsecs)
2024-06-13 15:20:23,860 WARN received SIGTERM indicating exit request
2024-06-13 15:20:23,860 INFO waiting for artisan to die
2024-06-13 15:20:23,877 INFO stopped: artisan (exit status 0)
2024-06-13 15:20:37,009 CRIT Supervisor is running as root.  Privileges were not dropped because no user is specified in the config file.  If you intend to run as root, you can set user=root in the config file to avoid this message.
2024-06-13 15:20:37,011 INFO supervisord started with pid 1
2024-06-13 15:20:38,015 INFO spawned: 'artisan' with pid 7
2024-06-13 15:20:39,829 INFO success: artisan entered RUNNING state, process has stayed up for > than 1 seconds (startsecs)
2024-06-13 15:21:36,895 WARN received SIGTERM indicating exit request
2024-06-13 15:21:36,896 INFO waiting for artisan to die
2024-06-13 15:21:36,916 INFO stopped: artisan (exit status 0)
2024-06-13 15:23:08,229 CRIT Supervisor is running as root.  Privileges were not dropped because no user is specified in the config file.  If you intend to run as root, you can set user=root in the config file to avoid this message.
2024-06-13 15:23:08,233 INFO supervisord started with pid 1
2024-06-13 15:23:09,240 INFO spawned: 'artisan' with pid 7
2024-06-13 15:23:11,205 INFO success: artisan entered RUNNING state, process has stayed up for > than 1 seconds (startsecs)
2024-06-13 15:23:48,753 WARN received SIGTERM indicating exit request
2024-06-13 15:23:48,754 INFO waiting for artisan to die
2024-06-13 15:23:49,772 INFO stopped: artisan (exit status 0)
2024-06-13 15:27:36,950 CRIT Supervisor is running as root.  Privileges were not dropped because no user is specified in the config file.  If you intend to run as root, you can set user=root in the config file to avoid this message.
2024-06-13 15:27:36,953 INFO supervisord started with pid 1
2024-06-13 15:27:37,956 INFO spawned: 'artisan' with pid 7
2024-06-13 15:27:39,920 INFO success: artisan entered RUNNING state, process has stayed up for > than 1 seconds (startsecs)
2024-06-13 15:34:50,162 WARN received SIGTERM indicating exit request
2024-06-13 15:34:50,162 INFO waiting for artisan to die
2024-06-13 15:34:50,181 INFO stopped: artisan (exit status 0)
2024-06-13 15:38:31,786 CRIT Supervisor is running as root.  Privileges were not dropped because no user is specified in the config file.  If you intend to run as root, you can set user=root in the config file to avoid this message.
2024-06-13 15:38:31,789 INFO supervisord started with pid 1
2024-06-13 15:38:32,793 INFO spawned: 'artisan' with pid 7
2024-06-13 15:38:34,677 INFO success: artisan entered RUNNING state, process has stayed up for > than 1 seconds (startsecs)
2024-06-13 15:42:09,311 WARN received SIGTERM indicating exit request
2024-06-13 15:42:09,311 INFO waiting for artisan to die
2024-06-13 15:42:09,325 INFO stopped: artisan (exit status 0)
2024-06-13 15:45:50,283 CRIT Supervisor is running as root.  Privileges were not dropped because no user is specified in the config file.  If you intend to run as root, you can set user=root in the config file to avoid this message.
2024-06-13 15:45:50,285 INFO supervisord started with pid 1
2024-06-13 15:45:51,290 INFO spawned: 'artisan' with pid 6
2024-06-13 15:45:53,240 INFO success: artisan entered RUNNING state, process has stayed up for > than 1 seconds (startsecs)
2024-06-13 15:55:20,063 WARN received SIGTERM indicating exit request
2024-06-13 15:55:20,064 INFO waiting for artisan to die
2024-06-13 15:55:20,083 INFO stopped: artisan (exit status 0)
2024-06-13 15:58:59,109 CRIT Supervisor is running as root.  Privileges were not dropped because no user is specified in the config file.  If you intend to run as root, you can set user=root in the config file to avoid this message.
2024-06-13 15:58:59,113 INFO supervisord started with pid 1
2024-06-13 15:59:00,118 INFO spawned: 'artisan' with pid 7
2024-06-13 15:59:01,122 INFO success: artisan entered RUNNING state, process has stayed up for > than 1 seconds (startsecs)
2024-06-13 16:13:49,760 WARN received SIGTERM indicating exit request
2024-06-13 16:13:49,761 INFO waiting for artisan to die
2024-06-13 16:13:49,776 INFO stopped: artisan (exit status 0)
2024-06-13 16:17:21,466 CRIT Supervisor is running as root.  Privileges were not dropped because no user is specified in the config file.  If you intend to run as root, you can set user=root in the config file to avoid this message.
2024-06-13 16:17:21,469 INFO supervisord started with pid 1
2024-06-13 16:17:22,473 INFO spawned: 'artisan' with pid 6
2024-06-13 16:17:24,387 INFO success: artisan entered RUNNING state, process has stayed up for > than 1 seconds (startsecs)
2024-06-13 16:25:04,768 WARN received SIGTERM indicating exit request
2024-06-13 16:25:04,768 INFO waiting for artisan to die
2024-06-13 16:25:04,787 INFO stopped: artisan (exit status 0)
2024-06-13 16:28:38,902 CRIT Supervisor is running as root.  Privileges were not dropped because no user is specified in the config file.  If you intend to run as root, you can set user=root in the config file to avoid this message.
2024-06-13 16:28:38,905 INFO supervisord started with pid 1
2024-06-13 16:28:39,908 INFO spawned: 'artisan' with pid 7
2024-06-13 16:28:41,790 INFO success: artisan entered RUNNING state, process has stayed up for > than 1 seconds (startsecs)
2024-06-13 16:42:14,401 WARN received SIGTERM indicating exit request
2024-06-13 16:42:14,401 INFO waiting for artisan to die
2024-06-13 16:42:14,418 INFO stopped: artisan (exit status 0)
2024-06-13 16:45:44,494 CRIT Supervisor is running as root.  Privileges were not dropped because no user is specified in the config file.  If you intend to run as root, you can set user=root in the config file to avoid this message.
2024-06-13 16:45:44,497 INFO supervisord started with pid 1
2024-06-13 16:45:45,502 INFO spawned: 'artisan' with pid 6
2024-06-13 16:45:47,337 INFO success: artisan entered RUNNING state, process has stayed up for > than 1 seconds (startsecs)
2024-06-13 16:56:12,689 WARN received SIGTERM indicating exit request
2024-06-13 16:56:12,689 INFO waiting for artisan to die
2024-06-13 16:56:12,707 INFO stopped: artisan (exit status 0)
2024-06-13 17:06:16,730 CRIT Supervisor is running as root.  Privileges were not dropped because no user is specified in the config file.  If you intend to run as root, you can set user=root in the config file to avoid this message.
2024-06-13 17:06:16,733 INFO supervisord started with pid 1
2024-06-13 17:06:17,737 INFO spawned: 'artisan' with pid 7
2024-06-13 17:06:19,536 INFO success: artisan entered RUNNING state, process has stayed up for > than 1 seconds (startsecs)
2024-06-14 01:39:03,800 WARN received SIGTERM indicating exit request
2024-06-14 01:39:03,800 INFO waiting for artisan to die
2024-06-14 01:39:03,818 INFO stopped: artisan (exit status 0)
2024-06-14 01:45:18,475 CRIT Supervisor is running as root.  Privileges were not dropped because no user is specified in the config file.  If you intend to run as root, you can set user=root in the config file to avoid this message.
2024-06-14 01:45:18,480 INFO supervisord started with pid 1
2024-06-14 01:45:19,484 INFO spawned: 'artisan' with pid 7
2024-06-14 01:45:21,379 INFO success: artisan entered RUNNING state, process has stayed up for > than 1 seconds (startsecs)
